2023-03-21 11:12:55,913 - DEBUG - s_20230321111251_20230307123639 - 1343413 -   DockerTool::_pull_docker (wangsihan123/idm:0.0.2)
2023-03-21 11:12:57,147 - DEBUG - s_20230321111251_20230307123639 - 1343413 -   DockerTool::_pull_docker |cost:1.23s| Return: SUCCESS
2023-03-21 11:12:57,147 - DEBUG - s_20230321111251_20230307123639 - 1343413 -   DockerTool::_test_docker (wangsihan123/idm:0.0.2)
2023-03-21 11:13:02,494 - DEBUG - s_20230321111251_20230307123639 - 1343413 -   DockerTool::_test_docker |cost:5.35s| Return: SUCCESS
2023-03-21 11:13:02,555 - DEBUG - s_20230321111251_20230307123639 - 1343413 - RunEvaluator::evaluate     (/home/ubuntu/onsite-develop/onsite-test-server/scenes/A/test/inputs,/home/ubuntu/onsite-develop/onsite-test-server/temp/s_20230321111251_20230307123639)
2023-03-21 11:13:04,117 - DEBUG - s_20230321111251_20230307123639 - 1343413 - RunEvaluator::evaluate     |cost:1.56s| Return: 39.58
2023-03-21 11:13:04,117 - DEBUG - s_20230321111251_20230307123639 - 1343413 -     Uploader::upload       (2023031601,20230307123639,2023-03-21 11:12:51,/home/ubuntu/onsite-develop/onsite-test-server/temp/s_20230321111251_20230307123639)
2023-03-21 11:13:04,241 - DEBUG - s_20230321111251_20230307123639 - 1343413 -     Uploader::upload       |cost:0.12s| Return: https://resource.onsite.run/results/2023031601/20230307123639&2023-03-21_11-12-51.zip
2023-03-21 11:13:04,258 - INFO  - s_20230321111251_20230307123639 - 1343413 - {'status': 'SUCCESS', 'score': 39.58, 'testTime': '2023-03-21 11:12:55', 'resultLink': 'https://resource.onsite.run/results/2023031601/20230307123639&2023-03-21_11-12-51.zip'}
2023-03-21 11:15:40,790 - DEBUG - s_20230321111538_20230307123639 - 1344418 -   DockerTool::_pull_docker (wangsihan123/idm:0.0.2)
2023-03-21 11:15:42,169 - DEBUG - s_20230321111538_20230307123639 - 1344418 -   DockerTool::_pull_docker |cost:1.38s| Return: SUCCESS
2023-03-21 11:15:42,169 - DEBUG - s_20230321111538_20230307123639 - 1344418 -   DockerTool::_test_docker (wangsihan123/idm:0.0.2)
2023-03-21 11:15:47,568 - DEBUG - s_20230321111538_20230307123639 - 1344418 -   DockerTool::_test_docker |cost:5.40s| Return: SUCCESS
2023-03-21 11:15:47,626 - DEBUG - s_20230321111538_20230307123639 - 1344418 - RunEvaluator::evaluate     (/home/ubuntu/onsite-develop/onsite-test-server/scenes/A/test/inputs,/home/ubuntu/onsite-develop/onsite-test-server/temp/s_20230321111538_20230307123639)
2023-03-21 11:15:49,163 - DEBUG - s_20230321111538_20230307123639 - 1344418 - RunEvaluator::evaluate     |cost:1.54s| Return: 39.58
2023-03-21 11:15:49,163 - DEBUG - s_20230321111538_20230307123639 - 1344418 -     Uploader::upload       (2023031601,20230307123639,2023-03-21 11:15:38,/home/ubuntu/onsite-develop/onsite-test-server/temp/s_20230321111538_20230307123639)
2023-03-21 11:15:49,304 - DEBUG - s_20230321111538_20230307123639 - 1344418 -     Uploader::upload       |cost:0.14s| Return: https://resource.onsite.run/results/2023031601/20230307123639&2023-03-21_11-15-38.zip
2023-03-21 11:15:49,325 - INFO  - s_20230321111538_20230307123639 - 1344418 - {'status': 'SUCCESS', 'score': 39.58, 'testTime': '2023-03-21 11:15:40', 'resultLink': 'https://resource.onsite.run/results/2023031601/20230307123639&2023-03-21_11-15-38.zip'}
2023-03-21 11:18:01,359 - DEBUG - s_20230321111758_20230307123639 - 1344419 -   DockerTool::_pull_docker (123456789)
2023-03-21 11:18:05,538 - DEBUG - s_20230321111758_20230307123639 - 1344419 -   DockerTool::_pull_docker |cost:4.18s| Return: PULL ERROR
2023-03-21 11:18:05,539 - DEBUG - s_20230321111758_20230307123639 - 1344419 -     Uploader::upload       (2023031601,20230307123639,2023-03-21 11:17:58,/home/ubuntu/onsite-develop/onsite-test-server/temp/s_20230321111758_20230307123639)
2023-03-21 11:18:05,644 - DEBUG - s_20230321111758_20230307123639 - 1344419 -     Uploader::upload       |cost:0.11s| Return: https://resource.onsite.run/results/2023031601/20230307123639&2023-03-21_11-17-58.zip
2023-03-21 11:18:05,665 - INFO  - s_20230321111758_20230307123639 - 1344419 - {'status': 'PULL ERROR', 'score': None, 'testTime': '2023-03-21 11:18:01', 'resultLink': 'https://resource.onsite.run/results/2023031601/20230307123639&2023-03-21_11-17-58.zip'}
2023-03-21 11:23:24,522 - DEBUG - s_20230321112324_20230307123639 - 1346336 -   DockerTool::_pull_docker (1234567890)
2023-03-21 11:23:35,926 - ERROR - s_20230321112324_20230307123639 - 1346336 - [PULL ERROR]:Error response from daemon: pull access denied for 1234567890, repository does not exist or may require 'docker login': denied: requested access to the resource is denied
2023-03-21 11:23:35,927 - DEBUG - s_20230321112324_20230307123639 - 1346336 -   DockerTool::_pull_docker |cost:11.40s| Return: PULL ERROR
2023-03-21 11:23:35,927 - DEBUG - s_20230321112324_20230307123639 - 1346336 -     Uploader::upload       (2023031601,20230307123639,2023-03-21 11:23:24,/home/ubuntu/onsite-develop/onsite-test-server/temp/s_20230321112324_20230307123639)
2023-03-21 11:23:36,031 - DEBUG - s_20230321112324_20230307123639 - 1346336 -     Uploader::upload       |cost:0.10s| Return: https://resource.onsite.run/results/2023031601/20230307123639&2023-03-21_11-23-24.zip
2023-03-21 11:23:36,053 - INFO  - s_20230321112324_20230307123639 - 1346336 - {'status': 'PULL ERROR', 'score': None, 'testTime': '2023-03-21 11:23:24', 'resultLink': 'https://resource.onsite.run/results/2023031601/20230307123639&2023-03-21_11-23-24.zip'}
2023-03-21 11:26:51,515 - DEBUG - s_20230321112647_20230307123639 - 1347108 -   DockerTool::_pull_docker (wangsihan123/idm:0.0.2)
2023-03-21 11:26:52,750 - DEBUG - s_20230321112647_20230307123639 - 1347108 -   DockerTool::_pull_docker |cost:1.23s| Return: SUCCESS
2023-03-21 11:26:52,750 - DEBUG - s_20230321112647_20230307123639 - 1347108 -   DockerTool::_test_docker (wangsihan123/idm:0.0.2)
2023-03-21 11:26:54,235 - ERROR - s_20230321112647_20230307123639 - 1347108 - [CONTAINER ERROR]:
Traceback (most recent call last):
  File "/usr/local/lib/python3.6/runpy.py", line 193, in _run_module_as_main
    "__main__", mod_spec)
  File "/usr/local/lib/python3.6/runpy.py", line 85, in _run_code
    exec(code, run_globals)
  File "/planner/__main__.py", line 40, in <module>
    so.load(input_dir, output_dir)
  File "/usr/local/lib/python3.6/site-packages/onsite/scenarioOrganizer.py", line 25, in load
    from test_conf import config  # conf.py可能出现与第三方库conf冲突的情况，故改名为test_conf
ModuleNotFoundError: No module named 'test_conf'
2023-03-21 11:26:54,235 - DEBUG - s_20230321112647_20230307123639 - 1347108 -   DockerTool::_test_docker |cost:1.48s| Return: CONTAINER ERROR
2023-03-21 11:26:54,292 - DEBUG - s_20230321112647_20230307123639 - 1347108 -     Uploader::upload       (2023031601,20230307123639,2023-03-21 11:26:48,/home/ubuntu/onsite-develop/onsite-test-server/temp/s_20230321112647_20230307123639)
2023-03-21 11:26:54,519 - DEBUG - s_20230321112647_20230307123639 - 1347108 -     Uploader::upload       |cost:0.23s| Return: https://resource.onsite.run/results/2023031601/20230307123639&2023-03-21_11-26-48.zip
2023-03-21 11:26:54,540 - INFO  - s_20230321112647_20230307123639 - 1347108 - {'status': 'CONTAINER ERROR', 'score': None, 'testTime': '2023-03-21 11:26:51', 'resultLink': 'https://resource.onsite.run/results/2023031601/20230307123639&2023-03-21_11-26-48.zip'}
2023-03-21 11:28:41,393 - DEBUG - s_20230321112839_20230307123639 - 1347887 -   DockerTool::_pull_docker (wangsihan123/idm:0.0.2)
2023-03-21 11:28:42,621 - DEBUG - s_20230321112839_20230307123639 - 1347887 -   DockerTool::_pull_docker |cost:1.23s| Return: SUCCESS
2023-03-21 11:28:42,621 - DEBUG - s_20230321112839_20230307123639 - 1347887 -   DockerTool::_test_docker (wangsihan123/idm:0.0.2)
2023-03-21 11:28:47,998 - DEBUG - s_20230321112839_20230307123639 - 1347887 -   DockerTool::_test_docker |cost:5.38s| Return: SUCCESS
2023-03-21 11:28:48,060 - DEBUG - s_20230321112839_20230307123639 - 1347887 - RunEvaluator::evaluate     (/home/ubuntu/onsite-develop/onsite-test-server/scenes/A/test/inputs,/home/ubuntu/onsite-develop/onsite-test-server/temp/s_20230321112839_20230307123639)
2023-03-21 11:28:48,060 - ERROR - s_20230321112839_20230307123639 - 1347887 - [EVALUATE ERROR]:RuntimeError('testing!')
Traceback (most recent call last):
  File "/home/ubuntu/onsite-develop/onsite-test-server/tester/run_evaluator.py", line 19, in evaluate
    raise RuntimeError("testing!")
RuntimeError: testing!
2023-03-21 11:28:48,061 - DEBUG - s_20230321112839_20230307123639 - 1347887 - RunEvaluator::evaluate     |cost:0.00s| Return: -1
2023-03-21 11:28:48,061 - DEBUG - s_20230321112839_20230307123639 - 1347887 -     Uploader::upload       (2023031601,20230307123639,2023-03-21 11:28:39,/home/ubuntu/onsite-develop/onsite-test-server/temp/s_20230321112839_20230307123639)
2023-03-21 11:28:48,210 - DEBUG - s_20230321112839_20230307123639 - 1347887 -     Uploader::upload       |cost:0.15s| Return: https://resource.onsite.run/results/2023031601/20230307123639&2023-03-21_11-28-39.zip
2023-03-21 11:28:48,233 - INFO  - s_20230321112839_20230307123639 - 1347887 - {'status': 'EVALUATE ERROR', 'score': None, 'testTime': '2023-03-21 11:28:41', 'resultLink': 'https://resource.onsite.run/results/2023031601/20230307123639&2023-03-21_11-28-39.zip'}
2023-03-21 11:32:26,395 - DEBUG - s_20230321113222_20230307123639 - 1349123 -   DockerTool::_pull_docker (wangsihan123/idm:0.0.2)
2023-03-21 11:32:27,645 - DEBUG - s_20230321113222_20230307123639 - 1349123 -   DockerTool::_pull_docker |cost:1.25s| Return: SUCCESS
2023-03-21 11:32:27,645 - DEBUG - s_20230321113222_20230307123639 - 1349123 -   DockerTool::_test_docker (wangsihan123/idm:0.0.2)
2023-03-21 11:32:29,129 - ERROR - s_20230321113222_20230307123639 - 1349123 - [CONTAINER ERROR]:
Traceback (most recent call last):
  File "/usr/local/lib/python3.6/runpy.py", line 193, in _run_module_as_main
    "__main__", mod_spec)
  File "/usr/local/lib/python3.6/runpy.py", line 85, in _run_code
    exec(code, run_globals)
  File "/planner/__main__.py", line 40, in <module>
    so.load(input_dir, output_dir)
  File "/usr/local/lib/python3.6/site-packages/onsite/scenarioOrganizer.py", line 25, in load
    from test_conf import config  # conf.py可能出现与第三方库conf冲突的情况，故改名为test_conf
ModuleNotFoundError: No module named 'test_conf'
2023-03-21 11:32:29,129 - DEBUG - s_20230321113222_20230307123639 - 1349123 -   DockerTool::_test_docker |cost:1.48s| Return: CONTAINER ERROR
2023-03-21 11:32:29,187 - DEBUG - s_20230321113222_20230307123639 - 1349123 -     Uploader::upload       (2023031601,20230307123639,2023-03-21 11:32:23,/home/ubuntu/onsite-develop/onsite-test-server/temp/s_20230321113222_20230307123639)
2023-03-21 11:32:29,277 - DEBUG - s_20230321113222_20230307123639 - 1349123 -     Uploader::upload       |cost:0.09s| Return: https://resource.onsite.run/results/2023031601/20230307123639&2023-03-21_11-32-23.zip
2023-03-21 11:32:29,300 - INFO  - s_20230321113222_20230307123639 - 1349123 - {'status': 'CONTAINER ERROR', 'score': None, 'testTime': '2023-03-21 11:32:26', 'resultLink': 'https://resource.onsite.run/results/2023031601/20230307123639&2023-03-21_11-32-23.zip'}
2023-03-21 11:39:07,491 - DEBUG - s_20230321113902_20230307123639 - 1350646 -   DockerTool::_pull_docker (wangsihan123/idm:0.0.2)
2023-03-21 11:39:08,697 - DEBUG - s_20230321113902_20230307123639 - 1350646 -   DockerTool::_pull_docker |cost:1.21s| Return: SUCCESS
2023-03-21 11:39:08,697 - DEBUG - s_20230321113902_20230307123639 - 1350646 -   DockerTool::_test_docker (wangsihan123/idm:0.0.2)
2023-03-21 11:39:14,078 - DEBUG - s_20230321113902_20230307123639 - 1350646 -   DockerTool::_test_docker |cost:5.38s| Return: SUCCESS
2023-03-21 11:39:14,136 - DEBUG - s_20230321113902_20230307123639 - 1350646 - RunEvaluator::evaluate     (/home/ubuntu/onsite-develop/onsite-test-server/scenes/A/test/inputs,/home/ubuntu/onsite-develop/onsite-test-server/temp/s_20230321113902_20230307123639)
2023-03-21 11:39:15,695 - DEBUG - s_20230321113902_20230307123639 - 1350646 - RunEvaluator::evaluate     |cost:1.56s| Return: 39.58
2023-03-21 11:39:15,695 - DEBUG - s_20230321113902_20230307123639 - 1350646 -     Uploader::upload       (2023031601,20230307123639,2023-03-21 11:39:03,/home/ubuntu/onsite-develop/onsite-test-server/temp/s_20230321113902_20230307123639)
2023-03-21 11:39:15,695 - ERROR - s_20230321113902_20230307123639 - 1350646 - [UPLOAD ERROR]:RuntimeError('test')
Traceback (most recent call last):
  File "/home/ubuntu/onsite-develop/onsite-test-server/tester/uploader.py", line 24, in upload
    raise RuntimeError("test")
RuntimeError: test
2023-03-21 11:39:15,695 - DEBUG - s_20230321113902_20230307123639 - 1350646 -     Uploader::upload       |cost:0.00s| Return: None
2023-03-21 11:39:15,712 - INFO  - s_20230321113902_20230307123639 - 1350646 - {'status': 'UPLOAD ERROR', 'score': 39.58, 'testTime': '2023-03-21 11:39:07', 'resultLink': None}
2023-03-21 11:39:55,277 - DEBUG - s_20230321113950_20230307123639 - 1351264 -   DockerTool::_pull_docker (wangsihan123/lattice2:0.0.1)
2023-03-21 11:39:56,144 - DEBUG - s_20230321113950_20230307123639 - 1351264 -   DockerTool::_pull_docker |cost:0.87s| Return: SUCCESS
2023-03-21 11:39:56,145 - DEBUG - s_20230321113950_20230307123639 - 1351264 -   DockerTool::_test_docker (wangsihan123/lattice2:0.0.1)
2023-03-21 11:40:02,176 - DEBUG - s_20230321113950_20230307123639 - 1351264 -   DockerTool::_test_docker |cost:6.03s| Return: SUCCESS
2023-03-21 11:40:02,234 - DEBUG - s_20230321113950_20230307123639 - 1351264 - RunEvaluator::evaluate     (/home/ubuntu/onsite-develop/onsite-test-server/scenes/A/test/inputs,/home/ubuntu/onsite-develop/onsite-test-server/temp/s_20230321113950_20230307123639)
2023-03-21 11:40:03,762 - DEBUG - s_20230321113950_20230307123639 - 1351264 - RunEvaluator::evaluate     |cost:1.53s| Return: 39.74
2023-03-21 11:40:03,763 - DEBUG - s_20230321113950_20230307123639 - 1351264 -     Uploader::upload       (2023031601,20230307123639,2023-03-21 11:39:51,/home/ubuntu/onsite-develop/onsite-test-server/temp/s_20230321113950_20230307123639)
2023-03-21 11:40:03,915 - DEBUG - s_20230321113950_20230307123639 - 1351264 -     Uploader::upload       |cost:0.15s| Return: https://resource.onsite.run/results/2023031601/20230307123639&2023-03-21_11-39-51.zip
2023-03-21 11:40:03,931 - INFO  - s_20230321113950_20230307123639 - 1351264 - {'status': 'SUCCESS', 'score': 39.74, 'testTime': '2023-03-21 11:39:55', 'resultLink': 'https://resource.onsite.run/results/2023031601/20230307123639&2023-03-21_11-39-51.zip'}
2023-03-21 11:40:05,310 - DEBUG - s_20230321114003_20230307123639 - 1351265 -   DockerTool::_pull_docker (wangsihan123/lattice1:0.1.5)
2023-03-21 11:40:06,264 - DEBUG - s_20230321114003_20230307123639 - 1351265 -   DockerTool::_pull_docker |cost:0.95s| Return: SUCCESS
2023-03-21 11:40:06,264 - DEBUG - s_20230321114003_20230307123639 - 1351265 -   DockerTool::_test_docker (wangsihan123/lattice1:0.1.5)
2023-03-21 11:40:21,148 - DEBUG - s_20230321114003_20230307123639 - 1351265 -   DockerTool::_test_docker |cost:14.88s| Return: SUCCESS
2023-03-21 11:40:21,207 - DEBUG - s_20230321114003_20230307123639 - 1351265 - RunEvaluator::evaluate     (/home/ubuntu/onsite-develop/onsite-test-server/scenes/A/test/inputs,/home/ubuntu/onsite-develop/onsite-test-server/temp/s_20230321114003_20230307123639)
2023-03-21 11:40:22,470 - DEBUG - s_20230321114003_20230307123639 - 1351265 - RunEvaluator::evaluate     |cost:1.26s| Return: 35.0
2023-03-21 11:40:22,470 - DEBUG - s_20230321114003_20230307123639 - 1351265 -     Uploader::upload       (2023031601,20230307123639,2023-03-21 11:40:03,/home/ubuntu/onsite-develop/onsite-test-server/temp/s_20230321114003_20230307123639)
2023-03-21 11:40:22,604 - DEBUG - s_20230321114003_20230307123639 - 1351265 -     Uploader::upload       |cost:0.13s| Return: https://resource.onsite.run/results/2023031601/20230307123639&2023-03-21_11-40-03.zip
2023-03-21 11:40:22,621 - INFO  - s_20230321114003_20230307123639 - 1351265 - {'status': 'SUCCESS', 'score': 35.0, 'testTime': '2023-03-21 11:40:05', 'resultLink': 'https://resource.onsite.run/results/2023031601/20230307123639&2023-03-21_11-40-03.zip'}
2023-03-21 11:39:55,277 - DEBUG - s_20230320051500_20230316121333 - 1351264 -   DockerTool::_pull_docker (wangsihan123/lattice2:0.0.1)
2023-03-21 11:39:56,144 - DEBUG - s_20230320051500_20230316121333 - 1351264 -   DockerTool::_pull_docker |cost:0.87s| Return: SUCCESS
2023-03-21 11:39:56,145 - DEBUG - s_20230320051500_20230316121333 - 1351264 -   DockerTool::_test_docker (wangsihan123/lattice2:0.0.1)2023-03-24 13:42:44,712 - DEBUG - s_20230322122024_20230307123639 - 2191871 -   DockerTool::_pull_docker (1234567)
2023-03-24 13:42:48,933 - ERROR - s_20230322122024_20230307123639 - 2191871 - [PULL ERROR]:
Error response from daemon: pull access denied for 1234567, repository does not exist or may require 'docker login': denied: requested access to the resource is denied
2023-03-24 13:42:48,933 - DEBUG - s_20230322122024_20230307123639 - 2191871 -   DockerTool::_pull_docker |cost:4.22s| Return: PULL ERROR
2023-03-24 13:42:48,933 - DEBUG - s_20230322122024_20230307123639 - 2191871 -     Uploader::upload       (2023031601,20230307123639,2023-03-22 00:20:25,/home/ubuntu/onsite-develop/onsite-test-server/temp/s_20230322122024_20230307123639)
2023-03-24 13:42:49,040 - DEBUG - s_20230322122024_20230307123639 - 2191871 -     Uploader::upload       |cost:0.11s| Return: https://resource.onsite.run/results/2023031601/20230307123639&2023-03-22_00-20-25.zip
2023-03-24 13:42:49,061 - INFO  - s_20230322122024_20230307123639 - 2191871 - {'status': 'PULL ERROR', 'score': None, 'resultLink': 'https://resource.onsite.run/results/2023031601/20230307123639&2023-03-22_00-20-25.zip'}
2023-03-25 02:48:16,138 - DEBUG - s_20230321111758_20230307123639 - 2398965 -   DockerTool::_pull_docker (123456789)
2023-03-25 02:48:20,335 - ERROR - s_20230321111758_20230307123639 - 2398965 - [PULL ERROR]:
Error response from daemon: pull access denied for 123456789, repository does not exist or may require 'docker login': denied: requested access to the resource is denied
2023-03-25 02:48:20,335 - DEBUG - s_20230321111758_20230307123639 - 2398965 -   DockerTool::_pull_docker |cost:4.20s| Return: PULL ERROR
2023-03-25 02:48:20,336 - DEBUG - s_20230321111758_20230307123639 - 2398965 -     Uploader::upload       (2023031601,20230307123639,2023-03-21 11:17:58,/home/ubuntu/onsite-develop/onsite-test-server/temp/s_20230321111758_20230307123639)
2023-03-25 02:48:20,473 - DEBUG - s_20230321111758_20230307123639 - 2398965 -     Uploader::upload       |cost:0.14s| Return: https://resource.onsite.run/results/2023031601/20230307123639&2023-03-21_11-17-58.zip
2023-03-25 02:48:20,491 - INFO  - s_20230321111758_20230307123639 - 2398965 - {'status': 'PULL ERROR', 'score': None, 'resultLink': 'https://resource.onsite.run/results/2023031601/20230307123639&2023-03-21_11-17-58.zip'}
2023-03-25 02:48:21,152 - DEBUG - s_20230321112647_20230307123639 - 2398967 -   DockerTool::_pull_docker (wangsihan123/idm:0.0.2)
2023-03-25 02:48:21,161 - DEBUG - s_20230321112324_20230307123639 - 2398966 -   DockerTool::_pull_docker (1234567890)
2023-03-25 02:48:22,025 - DEBUG - s_20230321112647_20230307123639 - 2398967 -   DockerTool::_pull_docker |cost:0.87s| Return: SUCCESS
2023-03-25 02:48:22,025 - DEBUG - s_20230321112647_20230307123639 - 2398967 -   DockerTool::_test_docker (wangsihan123/idm:0.0.2)
2023-03-25 02:48:25,363 - ERROR - s_20230321112324_20230307123639 - 2398966 - [PULL ERROR]:
Error response from daemon: pull access denied for 1234567890, repository does not exist or may require 'docker login': denied: requested access to the resource is denied
2023-03-25 02:48:25,364 - DEBUG - s_20230321112324_20230307123639 - 2398966 -   DockerTool::_pull_docker |cost:4.20s| Return: PULL ERROR
2023-03-25 02:48:25,364 - DEBUG - s_20230321112324_20230307123639 - 2398966 -     Uploader::upload       (2023031601,20230307123639,2023-03-21 11:23:24,/home/ubuntu/onsite-develop/onsite-test-server/temp/s_20230321112324_20230307123639)
2023-03-25 02:48:25,484 - DEBUG - s_20230321112324_20230307123639 - 2398966 -     Uploader::upload       |cost:0.12s| Return: https://resource.onsite.run/results/2023031601/20230307123639&2023-03-21_11-23-24.zip
2023-03-25 02:48:25,502 - INFO  - s_20230321112324_20230307123639 - 2398966 - {'status': 'PULL ERROR', 'score': None, 'resultLink': 'https://resource.onsite.run/results/2023031601/20230307123639&2023-03-21_11-23-24.zip'}
2023-03-25 02:48:26,167 - DEBUG - s_20230321112839_20230307123639 - 2398968 -   DockerTool::_pull_docker (wangsihan123/idm:0.0.2)
2023-03-25 02:48:26,172 - DEBUG - s_20230321113222_20230307123639 - 2398969 -   DockerTool::_pull_docker (wangsihan123/idm:0.0.2)
2023-03-25 02:48:26,188 - DEBUG - s_20230321113902_20230307123639 - 2398970 -   DockerTool::_pull_docker (wangsihan123/idm:0.0.2)
2023-03-25 02:48:26,990 - DEBUG - s_20230321112839_20230307123639 - 2398968 -   DockerTool::_pull_docker |cost:0.82s| Return: SUCCESS
2023-03-25 02:48:26,990 - DEBUG - s_20230321112839_20230307123639 - 2398968 -   DockerTool::_test_docker (wangsihan123/idm:0.0.2)
2023-03-25 02:48:27,008 - DEBUG - s_20230321113222_20230307123639 - 2398969 -   DockerTool::_pull_docker |cost:0.84s| Return: SUCCESS
2023-03-25 02:48:27,008 - DEBUG - s_20230321113222_20230307123639 - 2398969 -   DockerTool::_test_docker (wangsihan123/idm:0.0.2)
2023-03-25 02:48:27,170 - DEBUG - s_20230321113902_20230307123639 - 2398970 -   DockerTool::_pull_docker |cost:0.98s| Return: SUCCESS
2023-03-25 02:48:27,170 - DEBUG - s_20230321113902_20230307123639 - 2398970 -   DockerTool::_test_docker (wangsihan123/idm:0.0.2)
2023-03-25 02:48:31,188 - DEBUG - s_20230321113950_20230307123639 - 2398971 -   DockerTool::_pull_docker (wangsihan123/lattice2:0.0.1)
2023-03-25 02:48:31,196 - DEBUG - s_20230321114003_20230307123639 - 2398972 -   DockerTool::_pull_docker (wangsihan123/lattice1:0.1.5)
2023-03-25 02:48:32,440 - DEBUG - s_20230321114003_20230307123639 - 2398972 -   DockerTool::_pull_docker |cost:1.24s| Return: SUCCESS
2023-03-25 02:48:32,440 - DEBUG - s_20230321114003_20230307123639 - 2398972 -   DockerTool::_test_docker (wangsihan123/lattice1:0.1.5)
2023-03-25 02:48:32,587 - DEBUG - s_20230321113950_20230307123639 - 2398971 -   DockerTool::_pull_docker |cost:1.40s| Return: SUCCESS
2023-03-25 02:48:32,587 - DEBUG - s_20230321113950_20230307123639 - 2398971 -   DockerTool::_test_docker (wangsihan123/lattice2:0.0.1)
2023-03-25 02:48:36,202 - DEBUG - s_20230323053101_20230323043922 - 2398974 -   DockerTool::_pull_docker (wangsihan123/idm:0.0.2)
2023-03-25 02:48:36,207 - DEBUG - s_20230323053111_20230323043922 - 2398975 -   DockerTool::_pull_docker (wangsihan123/idm:0.0.2)
2023-03-25 02:48:36,224 - DEBUG - s_20230322122024_20230307123639 - 2398973 -   DockerTool::_pull_docker (1234567)
2023-03-25 02:48:37,066 - DEBUG - s_20230323053101_20230323043922 - 2398974 -   DockerTool::_pull_docker |cost:0.86s| Return: SUCCESS
2023-03-25 02:48:37,066 - DEBUG - s_20230323053101_20230323043922 - 2398974 -   DockerTool::_test_docker (wangsihan123/idm:0.0.2)
2023-03-25 02:48:37,067 - DEBUG - s_20230323053111_20230323043922 - 2398975 -   DockerTool::_pull_docker |cost:0.86s| Return: SUCCESS
2023-03-25 02:48:37,067 - DEBUG - s_20230323053111_20230323043922 - 2398975 -   DockerTool::_test_docker (wangsihan123/idm:0.0.2)
2023-03-25 02:48:40,300 - ERROR - s_20230322122024_20230307123639 - 2398973 - [PULL ERROR]:
Error response from daemon: pull access denied for 1234567, repository does not exist or may require 'docker login': denied: requested access to the resource is denied
2023-03-25 02:48:40,301 - DEBUG - s_20230322122024_20230307123639 - 2398973 -   DockerTool::_pull_docker |cost:4.08s| Return: PULL ERROR
2023-03-25 02:48:40,301 - DEBUG - s_20230322122024_20230307123639 - 2398973 -     Uploader::upload       (2023031601,20230307123639,2023-03-22 00:20:25,/home/ubuntu/onsite-develop/onsite-test-server/temp/s_20230322122024_20230307123639)
2023-03-25 02:48:40,390 - DEBUG - s_20230322122024_20230307123639 - 2398973 -     Uploader::upload       |cost:0.09s| Return: https://resource.onsite.run/results/2023031601/20230307123639&2023-03-22_00-20-25.zip
2023-03-25 02:48:40,408 - INFO  - s_20230322122024_20230307123639 - 2398973 - {'status': 'PULL ERROR', 'score': None, 'resultLink': 'https://resource.onsite.run/results/2023031601/20230307123639&2023-03-22_00-20-25.zip'}
2023-03-25 02:48:41,231 - DEBUG - s_20230323053119_20230323043922 - 2398976 -   DockerTool::_pull_docker (wangsihan123/idm:0.0.2)
2023-03-25 02:48:42,150 - DEBUG - s_20230323053119_20230323043922 - 2398976 -   DockerTool::_pull_docker |cost:0.92s| Return: SUCCESS
2023-03-25 02:48:42,150 - DEBUG - s_20230323053119_20230323043922 - 2398976 -   DockerTool::_test_docker (wangsihan123/idm:0.0.2)
2023-03-25 02:50:53,619 - DEBUG - s_20230323053119_20230323043922 - 2398976 -   DockerTool::_test_docker |cost:131.47s| Return: SUCCESS
2023-03-25 02:50:53,690 - DEBUG - s_20230323053119_20230323043922 - 2398976 - RunEvaluator::evaluate     (/home/ubuntu/onsite-develop/onsite-test-server/scenes/A/ramp/inputs,/home/ubuntu/onsite-develop/onsite-test-server/temp/s_20230323053119_20230323043922)
2023-03-25 02:51:47,499 - DEBUG - s_20230323053119_20230323043922 - 2398976 - RunEvaluator::evaluate     |cost:53.81s| Return: 67.08266666666667
2023-03-25 02:51:47,500 - DEBUG - s_20230323053119_20230323043922 - 2398976 -     Uploader::upload       (2023031902,20230323043922,2023-03-23 17:31:20,/home/ubuntu/onsite-develop/onsite-test-server/temp/s_20230323053119_20230323043922)
2023-03-25 02:51:47,698 - DEBUG - s_20230323053119_20230323043922 - 2398976 -     Uploader::upload       |cost:0.20s| Return: https://resource.onsite.run/results/2023031902/20230323043922&2023-03-23_17-31-20.zip
2023-03-25 02:51:47,717 - INFO  - s_20230323053119_20230323043922 - 2398976 - {'status': 'SUCCESS', 'score': 67.08266666666667, 'resultLink': 'https://resource.onsite.run/results/2023031902/20230323043922&2023-03-23_17-31-20.zip'}
2023-03-25 02:52:01,901 - DEBUG - s_20230323053128_20230323043922 - 2398977 -   DockerTool::_pull_docker (wangsihan123/idm:0.0.2)
2023-03-25 02:52:02,744 - DEBUG - s_20230323053128_20230323043922 - 2398977 -   DockerTool::_pull_docker |cost:0.84s| Return: SUCCESS
2023-03-25 02:52:02,744 - DEBUG - s_20230323053128_20230323043922 - 2398977 -   DockerTool::_test_docker (wangsihan123/idm:0.0.2)
2023-03-25 02:52:11,933 - DEBUG - s_20230323053221_20230323044004 - 2398978 -   DockerTool::_pull_docker (wangsihan123/lattice1:0.1.5)
2023-03-25 02:52:13,274 - DEBUG - s_20230323053221_20230323044004 - 2398978 -   DockerTool::_pull_docker |cost:1.34s| Return: SUCCESS
2023-03-25 02:52:13,274 - DEBUG - s_20230323053221_20230323044004 - 2398978 -   DockerTool::_test_docker (wangsihan123/lattice1:0.1.5)
2023-03-25 02:52:21,963 - DEBUG - s_20230323053230_20230323044004 - 2398979 -   DockerTool::_pull_docker (wangsihan123/lattice1:0.1.5)
2023-03-25 02:52:22,842 - DEBUG - s_20230323053230_20230323044004 - 2398979 -   DockerTool::_pull_docker |cost:0.88s| Return: SUCCESS
2023-03-25 02:52:22,843 - DEBUG - s_20230323053230_20230323044004 - 2398979 -   DockerTool::_test_docker (wangsihan123/lattice1:0.1.5)
2023-03-25 02:52:26,979 - DEBUG - s_20230323053238_20230323044004 - 2398964 -   DockerTool::_pull_docker (wangsihan123/lattice1:0.1.5)
2023-03-25 02:52:27,876 - DEBUG - s_20230323053238_20230323044004 - 2398964 -   DockerTool::_pull_docker |cost:0.90s| Return: SUCCESS
2023-03-25 02:52:27,876 - DEBUG - s_20230323053238_20230323044004 - 2398964 -   DockerTool::_test_docker (wangsihan123/lattice1:0.1.5)
2023-03-25 02:53:02,096 - DEBUG - s_20230323053245_20230323044004 - 2398965 -   DockerTool::_pull_docker (wangsihan123/lattice1:0.1.5)
2023-03-25 02:53:02,980 - DEBUG - s_20230323053245_20230323044004 - 2398965 -   DockerTool::_pull_docker |cost:0.88s| Return: SUCCESS
2023-03-25 02:53:02,981 - DEBUG - s_20230323053245_20230323044004 - 2398965 -   DockerTool::_test_docker (wangsihan123/lattice1:0.1.5)
2023-03-25 02:53:23,572 - DEBUG - s_20230323053128_20230323043922 - 2398977 -   DockerTool::_test_docker |cost:80.83s| Return: SUCCESS
2023-03-25 02:53:23,661 - DEBUG - s_20230323053128_20230323043922 - 2398977 - RunEvaluator::evaluate     (/home/ubuntu/onsite-develop/onsite-test-server/scenes/A/intersection/inputs,/home/ubuntu/onsite-develop/onsite-test-server/temp/s_20230323053128_20230323043922)
2023-03-25 02:54:32,049 - DEBUG - s_20230323053128_20230323043922 - 2398977 - RunEvaluator::evaluate     |cost:68.39s| Return: 83.86266666666667
2023-03-25 02:54:32,049 - DEBUG - s_20230323053128_20230323043922 - 2398977 -     Uploader::upload       (2023031903,20230323043922,2023-03-23 17:31:29,/home/ubuntu/onsite-develop/onsite-test-server/temp/s_20230323053128_20230323043922)
2023-03-25 02:54:32,229 - DEBUG - s_20230323053128_20230323043922 - 2398977 -     Uploader::upload       |cost:0.18s| Return: https://resource.onsite.run/results/2023031903/20230323043922&2023-03-23_17-31-29.zip
2023-03-25 02:54:32,247 - INFO  - s_20230323053128_20230323043922 - 2398977 - {'status': 'SUCCESS', 'score': 83.86266666666667, 'resultLink': 'https://resource.onsite.run/results/2023031903/20230323043922&2023-03-23_17-31-29.zip'}
2023-03-25 02:56:32,769 - DEBUG - s_20230323053238_20230323044004 - 2398964 -   DockerTool::_test_docker |cost:244.89s| Return: SUCCESS
2023-03-25 02:56:32,859 - DEBUG - s_20230323053238_20230323044004 - 2398964 - RunEvaluator::evaluate     (/home/ubuntu/onsite-develop/onsite-test-server/scenes/A/ramp/inputs,/home/ubuntu/onsite-develop/onsite-test-server/temp/s_20230323053238_20230323044004)
2023-03-25 02:56:58,697 - DEBUG - s_20230323053111_20230323043922 - 2398975 -   DockerTool::_test_docker |cost:501.63s| Return: SUCCESS
2023-03-25 02:56:58,778 - DEBUG - s_20230323053111_20230323043922 - 2398975 - RunEvaluator::evaluate     (/home/ubuntu/onsite-develop/onsite-test-server/scenes/A/highway/inputs,/home/ubuntu/onsite-develop/onsite-test-server/temp/s_20230323053111_20230323043922)
2023-03-25 02:57:01,320 - DEBUG - s_20230323053238_20230323044004 - 2398964 - RunEvaluator::evaluate     |cost:28.46s| Return: 31.526666666666664
2023-03-25 02:57:01,320 - DEBUG - s_20230323053238_20230323044004 - 2398964 -     Uploader::upload       (2023031902,20230323044004,2023-03-23 17:32:38,/home/ubuntu/onsite-develop/onsite-test-server/temp/s_20230323053238_20230323044004)
2023-03-25 02:57:01,466 - DEBUG - s_20230323053238_20230323044004 - 2398964 -     Uploader::upload       |cost:0.15s| Return: https://resource.onsite.run/results/2023031902/20230323044004&2023-03-23_17-32-38.zip
2023-03-25 02:57:01,484 - INFO  - s_20230323053238_20230323044004 - 2398964 - {'status': 'SUCCESS', 'score': 31.526666666666664, 'resultLink': 'https://resource.onsite.run/results/2023031902/20230323044004&2023-03-23_17-32-38.zip'}
2023-03-25 02:57:37,253 - DEBUG - s_20230323053245_20230323044004 - 2398965 -   DockerTool::_test_docker |cost:274.27s| Return: SUCCESS
2023-03-25 02:57:37,335 - DEBUG - s_20230323053245_20230323044004 - 2398965 - RunEvaluator::evaluate     (/home/ubuntu/onsite-develop/onsite-test-server/scenes/A/intersection/inputs,/home/ubuntu/onsite-develop/onsite-test-server/temp/s_20230323053245_20230323044004)
2023-03-25 02:58:22,660 - DEBUG - s_20230323053245_20230323044004 - 2398965 - RunEvaluator::evaluate     |cost:45.33s| Return: 35.884
2023-03-25 02:58:22,661 - DEBUG - s_20230323053245_20230323044004 - 2398965 -     Uploader::upload       (2023031903,20230323044004,2023-03-23 17:32:46,/home/ubuntu/onsite-develop/onsite-test-server/temp/s_20230323053245_20230323044004)
2023-03-25 02:58:22,803 - DEBUG - s_20230323053245_20230323044004 - 2398965 -     Uploader::upload       |cost:0.14s| Return: https://resource.onsite.run/results/2023031903/20230323044004&2023-03-23_17-32-46.zip
2023-03-25 02:58:22,821 - INFO  - s_20230323053245_20230323044004 - 2398965 - {'status': 'SUCCESS', 'score': 35.884, 'resultLink': 'https://resource.onsite.run/results/2023031903/20230323044004&2023-03-23_17-32-46.zip'}
2023-03-25 02:59:41,919 - DEBUG - s_20230321113902_20230307123639 - 2398970 -   DockerTool::_test_docker |cost:674.75s| Return: SUCCESS
2023-03-25 02:59:41,991 - DEBUG - s_20230321113902_20230307123639 - 2398970 - RunEvaluator::evaluate     (/home/ubuntu/onsite-develop/onsite-test-server/scenes/A/complex/inputs,/home/ubuntu/onsite-develop/onsite-test-server/temp/s_20230321113902_20230307123639)
2023-03-25 02:59:48,569 - DEBUG - s_20230321113222_20230307123639 - 2398969 -   DockerTool::_test_docker |cost:681.56s| Return: SUCCESS
2023-03-25 02:59:48,650 - DEBUG - s_20230321113222_20230307123639 - 2398969 - RunEvaluator::evaluate     (/home/ubuntu/onsite-develop/onsite-test-server/scenes/A/complex/inputs,/home/ubuntu/onsite-develop/onsite-test-server/temp/s_20230321113222_20230307123639)
2023-03-25 03:00:15,853 - DEBUG - s_20230323053111_20230323043922 - 2398975 - RunEvaluator::evaluate     |cost:197.08s| Return: 86.7345
2023-03-25 03:00:15,853 - DEBUG - s_20230323053111_20230323043922 - 2398975 -     Uploader::upload       (2023031901,20230323043922,2023-03-23 17:31:11,/home/ubuntu/onsite-develop/onsite-test-server/temp/s_20230323053111_20230323043922)
2023-03-25 03:00:16,098 - DEBUG - s_20230323053111_20230323043922 - 2398975 -     Uploader::upload       |cost:0.25s| Return: https://resource.onsite.run/results/2023031901/20230323043922&2023-03-23_17-31-11.zip
2023-03-25 03:00:16,117 - INFO  - s_20230323053111_20230323043922 - 2398975 - {'status': 'SUCCESS', 'score': 86.7345, 'resultLink': 'https://resource.onsite.run/results/2023031901/20230323043922&2023-03-23_17-31-11.zip'}
2023-03-25 03:00:23,158 - DEBUG - s_20230321112839_20230307123639 - 2398968 -   DockerTool::_test_docker |cost:716.17s| Return: SUCCESS
2023-03-25 03:00:23,242 - DEBUG - s_20230321112839_20230307123639 - 2398968 - RunEvaluator::evaluate     (/home/ubuntu/onsite-develop/onsite-test-server/scenes/A/complex/inputs,/home/ubuntu/onsite-develop/onsite-test-server/temp/s_20230321112839_20230307123639)
2023-03-25 03:00:28,767 - DEBUG - s_20230321112647_20230307123639 - 2398967 -   DockerTool::_test_docker |cost:726.74s| Return: SUCCESS
2023-03-25 03:00:28,846 - DEBUG - s_20230321112647_20230307123639 - 2398967 - RunEvaluator::evaluate     (/home/ubuntu/onsite-develop/onsite-test-server/scenes/A/complex/inputs,/home/ubuntu/onsite-develop/onsite-test-server/temp/s_20230321112647_20230307123639)
2023-03-25 03:00:47,483 - DEBUG - s_20230323053101_20230323043922 - 2398974 -   DockerTool::_test_docker |cost:730.42s| Return: SUCCESS
2023-03-25 03:00:47,565 - DEBUG - s_20230323053101_20230323043922 - 2398974 - RunEvaluator::evaluate     (/home/ubuntu/onsite-develop/onsite-test-server/scenes/A/complex/inputs,/home/ubuntu/onsite-develop/onsite-test-server/temp/s_20230323053101_20230323043922)
2023-03-25 03:04:33,851 - DEBUG - s_20230321113902_20230307123639 - 2398970 - RunEvaluator::evaluate     |cost:291.86s| Return: 79.9774
2023-03-25 03:04:33,851 - DEBUG - s_20230321113902_20230307123639 - 2398970 -     Uploader::upload       (2023031601,20230307123639,2023-03-21 11:39:03,/home/ubuntu/onsite-develop/onsite-test-server/temp/s_20230321113902_20230307123639)
2023-03-25 03:04:34,262 - DEBUG - s_20230321113902_20230307123639 - 2398970 -     Uploader::upload       |cost:0.41s| Return: https://resource.onsite.run/results/2023031601/20230307123639&2023-03-21_11-39-03.zip
2023-03-25 03:04:34,280 - INFO  - s_20230321113902_20230307123639 - 2398970 - {'status': 'SUCCESS', 'score': 79.9774, 'resultLink': 'https://resource.onsite.run/results/2023031601/20230307123639&2023-03-21_11-39-03.zip'}
2023-03-25 03:05:00,903 - DEBUG - s_20230321113222_20230307123639 - 2398969 - RunEvaluator::evaluate     |cost:312.25s| Return: 79.9774
2023-03-25 03:05:00,903 - DEBUG - s_20230321113222_20230307123639 - 2398969 -     Uploader::upload       (2023031601,20230307123639,2023-03-21 11:32:23,/home/ubuntu/onsite-develop/onsite-test-server/temp/s_20230321113222_20230307123639)
2023-03-25 03:05:01,169 - DEBUG - s_20230321113222_20230307123639 - 2398969 -     Uploader::upload       |cost:0.27s| Return: https://resource.onsite.run/results/2023031601/20230307123639&2023-03-21_11-32-23.zip
2023-03-25 03:05:01,188 - INFO  - s_20230321113222_20230307123639 - 2398969 - {'status': 'SUCCESS', 'score': 79.9774, 'resultLink': 'https://resource.onsite.run/results/2023031601/20230307123639&2023-03-21_11-32-23.zip'}
2023-03-25 03:05:26,215 - DEBUG - s_20230321112647_20230307123639 - 2398967 - RunEvaluator::evaluate     |cost:297.37s| Return: 79.9774
2023-03-25 03:05:26,215 - DEBUG - s_20230321112647_20230307123639 - 2398967 -     Uploader::upload       (2023031601,20230307123639,2023-03-21 11:26:48,/home/ubuntu/onsite-develop/onsite-test-server/temp/s_20230321112647_20230307123639)
2023-03-25 03:05:26,870 - DEBUG - s_20230321112647_20230307123639 - 2398967 -     Uploader::upload       |cost:0.65s| Return: https://resource.onsite.run/results/2023031601/20230307123639&2023-03-21_11-26-48.zip
2023-03-25 03:05:26,888 - INFO  - s_20230321112647_20230307123639 - 2398967 - {'status': 'SUCCESS', 'score': 79.9774, 'resultLink': 'https://resource.onsite.run/results/2023031601/20230307123639&2023-03-21_11-26-48.zip'}
2023-03-25 03:06:21,573 - DEBUG - s_20230321112839_20230307123639 - 2398968 - RunEvaluator::evaluate     |cost:358.33s| Return: 79.9774
2023-03-25 03:06:21,573 - DEBUG - s_20230321112839_20230307123639 - 2398968 -     Uploader::upload       (2023031601,20230307123639,2023-03-21 11:28:39,/home/ubuntu/onsite-develop/onsite-test-server/temp/s_20230321112839_20230307123639)
2023-03-25 03:06:21,904 - DEBUG - s_20230321112839_20230307123639 - 2398968 -     Uploader::upload       |cost:0.33s| Return: https://resource.onsite.run/results/2023031601/20230307123639&2023-03-21_11-28-39.zip
2023-03-25 03:06:21,922 - INFO  - s_20230321112839_20230307123639 - 2398968 - {'status': 'SUCCESS', 'score': 79.9774, 'resultLink': 'https://resource.onsite.run/results/2023031601/20230307123639&2023-03-21_11-28-39.zip'}
2023-03-25 03:06:41,729 - DEBUG - s_20230323053101_20230323043922 - 2398974 - RunEvaluator::evaluate     |cost:354.16s| Return: 79.9774
2023-03-25 03:06:41,729 - DEBUG - s_20230323053101_20230323043922 - 2398974 -     Uploader::upload       (2023031405,20230323043922,2023-03-23 17:31:01,/home/ubuntu/onsite-develop/onsite-test-server/temp/s_20230323053101_20230323043922)
2023-03-25 03:06:42,007 - DEBUG - s_20230323053101_20230323043922 - 2398974 -     Uploader::upload       |cost:0.28s| Return: https://resource.onsite.run/results/2023031405/20230323043922&2023-03-23_17-31-01.zip
2023-03-25 03:06:42,025 - INFO  - s_20230323053101_20230323043922 - 2398974 - {'status': 'SUCCESS', 'score': 79.9774, 'resultLink': 'https://resource.onsite.run/results/2023031405/20230323043922&2023-03-23_17-31-01.zip'}
2023-03-25 03:07:29,902 - DEBUG - s_20230323053230_20230323044004 - 2398979 -   DockerTool::_test_docker |cost:907.06s| Return: SUCCESS
2023-03-25 03:07:29,959 - DEBUG - s_20230323053230_20230323044004 - 2398979 - RunEvaluator::evaluate     (/home/ubuntu/onsite-develop/onsite-test-server/scenes/A/highway/inputs,/home/ubuntu/onsite-develop/onsite-test-server/temp/s_20230323053230_20230323044004)
2023-03-25 03:07:43,116 - DEBUG - s_20230321113950_20230307123639 - 2398971 -   DockerTool::_test_docker |cost:1150.53s| Return: SUCCESS
2023-03-25 03:07:43,186 - DEBUG - s_20230321113950_20230307123639 - 2398971 - RunEvaluator::evaluate     (/home/ubuntu/onsite-develop/onsite-test-server/scenes/A/complex/inputs,/home/ubuntu/onsite-develop/onsite-test-server/temp/s_20230321113950_20230307123639)
2023-03-25 03:10:27,058 - DEBUG - s_20230323053230_20230323044004 - 2398979 - RunEvaluator::evaluate     |cost:177.10s| Return: 50.301
2023-03-25 03:10:27,058 - DEBUG - s_20230323053230_20230323044004 - 2398979 -     Uploader::upload       (2023031901,20230323044004,2023-03-23 17:32:30,/home/ubuntu/onsite-develop/onsite-test-server/temp/s_20230323053230_20230323044004)
2023-03-25 03:10:27,255 - DEBUG - s_20230323053230_20230323044004 - 2398979 -     Uploader::upload       |cost:0.20s| Return: https://resource.onsite.run/results/2023031901/20230323044004&2023-03-23_17-32-30.zip
2023-03-25 03:10:27,273 - INFO  - s_20230323053230_20230323044004 - 2398979 - {'status': 'SUCCESS', 'score': 50.301, 'resultLink': 'https://resource.onsite.run/results/2023031901/20230323044004&2023-03-23_17-32-30.zip'}
2023-03-25 03:11:39,193 - DEBUG - s_20230321113950_20230307123639 - 2398971 - RunEvaluator::evaluate     |cost:236.01s| Return: 59.48479999999999
2023-03-25 03:11:39,193 - DEBUG - s_20230321113950_20230307123639 - 2398971 -     Uploader::upload       (2023031601,20230307123639,2023-03-21 11:39:51,/home/ubuntu/onsite-develop/onsite-test-server/temp/s_20230321113950_20230307123639)
2023-03-25 03:11:39,419 - DEBUG - s_20230321113950_20230307123639 - 2398971 -     Uploader::upload       |cost:0.23s| Return: https://resource.onsite.run/results/2023031601/20230307123639&2023-03-21_11-39-51.zip
2023-03-25 03:11:39,437 - INFO  - s_20230321113950_20230307123639 - 2398971 - {'status': 'SUCCESS', 'score': 59.48479999999999, 'resultLink': 'https://resource.onsite.run/results/2023031601/20230307123639&2023-03-21_11-39-51.zip'}
2023-03-25 03:12:34,679 - DEBUG - s_20230321114003_20230307123639 - 2398972 -   DockerTool::_test_docker |cost:1442.24s| Return: SUCCESS
2023-03-25 03:12:34,733 - DEBUG - s_20230321114003_20230307123639 - 2398972 - RunEvaluator::evaluate     (/home/ubuntu/onsite-develop/onsite-test-server/scenes/A/complex/inputs,/home/ubuntu/onsite-develop/onsite-test-server/temp/s_20230321114003_20230307123639)
2023-03-25 03:12:36,107 - DEBUG - s_20230320051500_20230316121333 - 2398966 -   DockerTool::_pull_docker (wangsihan123/lattice1:0.1.2)
2023-03-25 03:12:37,083 - DEBUG - s_20230320051500_20230316121333 - 2398966 -   DockerTool::_pull_docker |cost:0.98s| Return: SUCCESS
2023-03-25 03:12:37,083 - DEBUG - s_20230320051500_20230316121333 - 2398966 -   DockerTool::_test_docker (wangsihan123/lattice1:0.1.2)
2023-03-25 03:13:48,919 - DEBUG - s_20230323053221_20230323044004 - 2398978 -   DockerTool::_test_docker |cost:1295.64s| Return: SUCCESS
2023-03-25 03:13:48,979 - DEBUG - s_20230323053221_20230323044004 - 2398978 - RunEvaluator::evaluate     (/home/ubuntu/onsite-develop/onsite-test-server/scenes/A/complex/inputs,/home/ubuntu/onsite-develop/onsite-test-server/temp/s_20230323053221_20230323044004)
2023-03-25 03:16:24,069 - DEBUG - s_20230321114003_20230307123639 - 2398972 - RunEvaluator::evaluate     |cost:229.34s| Return: 40.34360000000001
2023-03-25 03:16:24,069 - DEBUG - s_20230321114003_20230307123639 - 2398972 -     Uploader::upload       (2023031601,20230307123639,2023-03-21 11:40:03,/home/ubuntu/onsite-develop/onsite-test-server/temp/s_20230321114003_20230307123639)
2023-03-25 03:16:24,314 - DEBUG - s_20230321114003_20230307123639 - 2398972 -     Uploader::upload       |cost:0.25s| Return: https://resource.onsite.run/results/2023031601/20230307123639&2023-03-21_11-40-03.zip
2023-03-25 03:16:24,333 - INFO  - s_20230321114003_20230307123639 - 2398972 - {'status': 'SUCCESS', 'score': 40.34360000000001, 'resultLink': 'https://resource.onsite.run/results/2023031601/20230307123639&2023-03-21_11-40-03.zip'}
2023-03-25 03:17:29,774 - DEBUG - s_20230323053221_20230323044004 - 2398978 - RunEvaluator::evaluate     |cost:220.79s| Return: 40.34360000000001
2023-03-25 03:17:29,774 - DEBUG - s_20230323053221_20230323044004 - 2398978 -     Uploader::upload       (2023031405,20230323044004,2023-03-23 17:32:22,/home/ubuntu/onsite-develop/onsite-test-server/temp/s_20230323053221_20230323044004)
2023-03-25 03:17:29,998 - DEBUG - s_20230323053221_20230323044004 - 2398978 -     Uploader::upload       |cost:0.22s| Return: https://resource.onsite.run/results/2023031405/20230323044004&2023-03-23_17-32-22.zip
2023-03-25 03:17:30,016 - INFO  - s_20230323053221_20230323044004 - 2398978 - {'status': 'SUCCESS', 'score': 40.34360000000001, 'resultLink': 'https://resource.onsite.run/results/2023031405/20230323044004&2023-03-23_17-32-22.zip'}
2023-03-25 03:39:28,511 - DEBUG - s_20230320051500_20230316121333 - 2398966 -   DockerTool::_test_docker |cost:1611.43s| Return: SUCCESS
2023-03-25 03:39:28,570 - DEBUG - s_20230320051500_20230316121333 - 2398966 - RunEvaluator::evaluate     (/home/ubuntu/onsite-develop/onsite-test-server/scenes/A/complex/inputs,/home/ubuntu/onsite-develop/onsite-test-server/temp/s_20230320051500_20230316121333)
2023-03-25 03:42:59,318 - DEBUG - s_20230320051500_20230316121333 - 2398966 - RunEvaluator::evaluate     |cost:210.75s| Return: 40.34360000000001
2023-03-25 03:42:59,318 - DEBUG - s_20230320051500_20230316121333 - 2398966 -     Uploader::upload       (2023031601,20230316121333,2023-03-21 17:15:00,/home/ubuntu/onsite-develop/onsite-test-server/temp/s_20230320051500_20230316121333)
2023-03-25 03:42:59,551 - DEBUG - s_20230320051500_20230316121333 - 2398966 -     Uploader::upload       |cost:0.23s| Return: https://resource.onsite.run/results/2023031601/20230316121333&2023-03-21_17-15-00.zip
2023-03-25 03:42:59,569 - INFO  - s_20230320051500_20230316121333 - 2398966 - {'status': 'SUCCESS', 'score': 40.34360000000001, 'resultLink': 'https://resource.onsite.run/results/2023031601/20230316121333&2023-03-21_17-15-00.zip'}
2023-03-26 20:14:47,250 - DEBUG - s_20230326081447_20230326024420 - 2398973 -   DockerTool::_pull_docker (e29b3085e08023ac9227186fc7e4de3f9a268c23d508329ecc55d70e55ab4b7d)
2023-03-26 20:14:47,304 - ERROR - s_20230326081447_20230326024420 - 2398973 - [PULL ERROR]:
invalid repository name (e29b3085e08023ac9227186fc7e4de3f9a268c23d508329ecc55d70e55ab4b7d), cannot specify 64-byte hexadecimal strings
2023-03-26 20:14:47,304 - DEBUG - s_20230326081447_20230326024420 - 2398973 -   DockerTool::_pull_docker |cost:0.05s| Return: PULL ERROR
2023-03-26 20:14:47,304 - DEBUG - s_20230326081447_20230326024420 - 2398973 -     Uploader::upload       (2023031903,20230326024420,2023-03-26 20:14:47,/home/ubuntu/onsite-develop/onsite-test-server/temp/s_20230326081447_20230326024420)
2023-03-26 20:14:47,428 - DEBUG - s_20230326081447_20230326024420 - 2398973 -     Uploader::upload       |cost:0.12s| Return: https://resource.onsite.run/results/2023031903/20230326024420&2023-03-26_20-14-47.zip
2023-03-26 20:14:47,446 - INFO  - s_20230326081447_20230326024420 - 2398973 - {'status': 'PULL ERROR', 'score': None, 'resultLink': 'https://resource.onsite.run/results/2023031903/20230326024420&2023-03-26_20-14-47.zip'}
2023-03-26 20:15:57,499 - DEBUG - s_20230326081556_20230326024420 - 2398976 -   DockerTool::_pull_docker (codenoobfromusst/test-1)
2023-03-26 20:16:01,953 - ERROR - s_20230326081556_20230326024420 - 2398976 - [IMAGE NOT FOUND]:
Error response from daemon: manifest for codenoobfromusst/test-1:latest not found: manifest unknown: manifest unknown
2023-03-26 20:16:01,953 - DEBUG - s_20230326081556_20230326024420 - 2398976 -   DockerTool::_pull_docker |cost:4.45s| Return: IMAGE NOT FOUND
2023-03-26 20:16:01,953 - DEBUG - s_20230326081556_20230326024420 - 2398976 -     Uploader::upload       (2023031903,20230326024420,2023-03-26 20:15:57,/home/ubuntu/onsite-develop/onsite-test-server/temp/s_20230326081556_20230326024420)
2023-03-26 20:16:02,048 - DEBUG - s_20230326081556_20230326024420 - 2398976 -     Uploader::upload       |cost:0.10s| Return: https://resource.onsite.run/results/2023031903/20230326024420&2023-03-26_20-15-57.zip
2023-03-26 20:16:02,066 - INFO  - s_20230326081556_20230326024420 - 2398976 - {'status': 'IMAGE NOT FOUND', 'score': None, 'resultLink': 'https://resource.onsite.run/results/2023031903/20230326024420&2023-03-26_20-15-57.zip'}
2023-03-26 20:18:43,072 - DEBUG - s_20230326081842_20230326024420 - 2398977 -   DockerTool::_pull_docker (162038d5f3cb)
2023-03-26 20:18:47,663 - ERROR - s_20230326081842_20230326024420 - 2398977 - [PULL ERROR]:
Error response from daemon: pull access denied for 162038d5f3cb, repository does not exist or may require 'docker login': denied: requested access to the resource is denied
2023-03-26 20:18:47,664 - DEBUG - s_20230326081842_20230326024420 - 2398977 -   DockerTool::_pull_docker |cost:4.59s| Return: PULL ERROR
2023-03-26 20:18:47,664 - DEBUG - s_20230326081842_20230326024420 - 2398977 -     Uploader::upload       (2023031903,20230326024420,2023-03-26 20:18:42,/home/ubuntu/onsite-develop/onsite-test-server/temp/s_20230326081842_20230326024420)
2023-03-26 20:18:47,775 - DEBUG - s_20230326081842_20230326024420 - 2398977 -     Uploader::upload       |cost:0.11s| Return: https://resource.onsite.run/results/2023031903/20230326024420&2023-03-26_20-18-42.zip
2023-03-26 20:18:47,793 - INFO  - s_20230326081842_20230326024420 - 2398977 - {'status': 'PULL ERROR', 'score': None, 'resultLink': 'https://resource.onsite.run/results/2023031903/20230326024420&2023-03-26_20-18-42.zip'}
2023-03-26 20:20:03,365 - DEBUG - s_20230326082000_20230326024420 - 2398964 -   DockerTool::_pull_docker (codenoobfromusst/test-1)
2023-03-26 20:20:08,487 - ERROR - s_20230326082000_20230326024420 - 2398964 - [IMAGE NOT FOUND]:
Error response from daemon: manifest for codenoobfromusst/test-1:latest not found: manifest unknown: manifest unknown
2023-03-26 20:20:08,488 - DEBUG - s_20230326082000_20230326024420 - 2398964 -   DockerTool::_pull_docker |cost:5.12s| Return: IMAGE NOT FOUND
2023-03-26 20:20:08,488 - DEBUG - s_20230326082000_20230326024420 - 2398964 -     Uploader::upload       (2023031903,20230326024420,2023-03-26 20:20:00,/home/ubuntu/onsite-develop/onsite-test-server/temp/s_20230326082000_20230326024420)
2023-03-26 20:20:08,785 - DEBUG - s_20230326082000_20230326024420 - 2398964 -     Uploader::upload       |cost:0.30s| Return: https://resource.onsite.run/results/2023031903/20230326024420&2023-03-26_20-20-00.zip
2023-03-26 20:20:08,804 - INFO  - s_20230326082000_20230326024420 - 2398964 - {'status': 'IMAGE NOT FOUND', 'score': None, 'resultLink': 'https://resource.onsite.run/results/2023031903/20230326024420&2023-03-26_20-20-00.zip'}
2023-03-26 20:32:10,952 - DEBUG - s_20230326083206_20230326024420 - 2398965 -   DockerTool::_pull_docker (codenoobfromusst/test-1)
2023-03-26 20:32:15,966 - ERROR - s_20230326083206_20230326024420 - 2398965 - [IMAGE NOT FOUND]:
Error response from daemon: manifest for codenoobfromusst/test-1:latest not found: manifest unknown: manifest unknown
2023-03-26 20:32:15,967 - DEBUG - s_20230326083206_20230326024420 - 2398965 -   DockerTool::_pull_docker |cost:5.01s| Return: IMAGE NOT FOUND
2023-03-26 20:32:15,967 - DEBUG - s_20230326083206_20230326024420 - 2398965 -     Uploader::upload       (2023031903,20230326024420,2023-03-26 20:32:06,/home/ubuntu/onsite-develop/onsite-test-server/temp/s_20230326083206_20230326024420)
2023-03-26 20:32:16,139 - DEBUG - s_20230326083206_20230326024420 - 2398965 -     Uploader::upload       |cost:0.17s| Return: https://resource.onsite.run/results/2023031903/20230326024420&2023-03-26_20-32-06.zip
2023-03-26 20:32:16,157 - INFO  - s_20230326083206_20230326024420 - 2398965 - {'status': 'IMAGE NOT FOUND', 'score': None, 'resultLink': 'https://resource.onsite.run/results/2023031903/20230326024420&2023-03-26_20-32-06.zip'}
2023-03-26 20:33:06,154 - DEBUG - s_20230326083302_20230326024420 - 2398975 -   DockerTool::_pull_docker (bfe04ae10c35ae24627ca0e499a93baec624ce2dc659be9106d1ac86df3eb67b)
2023-03-26 20:33:06,212 - ERROR - s_20230326083302_20230326024420 - 2398975 - [PULL ERROR]:
invalid repository name (bfe04ae10c35ae24627ca0e499a93baec624ce2dc659be9106d1ac86df3eb67b), cannot specify 64-byte hexadecimal strings
2023-03-26 20:33:06,212 - DEBUG - s_20230326083302_20230326024420 - 2398975 -   DockerTool::_pull_docker |cost:0.06s| Return: PULL ERROR
2023-03-26 20:33:06,212 - DEBUG - s_20230326083302_20230326024420 - 2398975 -     Uploader::upload       (2023031903,20230326024420,2023-03-26 20:33:02,/home/ubuntu/onsite-develop/onsite-test-server/temp/s_20230326083302_20230326024420)
2023-03-26 20:33:06,296 - DEBUG - s_20230326083302_20230326024420 - 2398975 -     Uploader::upload       |cost:0.08s| Return: https://resource.onsite.run/results/2023031903/20230326024420&2023-03-26_20-33-02.zip
2023-03-26 20:33:06,314 - INFO  - s_20230326083302_20230326024420 - 2398975 - {'status': 'PULL ERROR', 'score': None, 'resultLink': 'https://resource.onsite.run/results/2023031903/20230326024420&2023-03-26_20-33-02.zip'}
2023-03-26 20:36:01,783 - DEBUG - s_20230326083558_20230326024420 - 2398970 -   DockerTool::_pull_docker (f831d9f559e16f6a66d804b195ec9324fe73216e2373df91798c3a33c6f91deb)
2023-03-26 20:36:01,842 - ERROR - s_20230326083558_20230326024420 - 2398970 - [PULL ERROR]:
invalid repository name (f831d9f559e16f6a66d804b195ec9324fe73216e2373df91798c3a33c6f91deb), cannot specify 64-byte hexadecimal strings
2023-03-26 20:36:01,842 - DEBUG - s_20230326083558_20230326024420 - 2398970 -   DockerTool::_pull_docker |cost:0.06s| Return: PULL ERROR
2023-03-26 20:36:01,842 - DEBUG - s_20230326083558_20230326024420 - 2398970 -     Uploader::upload       (2023031903,20230326024420,2023-03-26 20:35:58,/home/ubuntu/onsite-develop/onsite-test-server/temp/s_20230326083558_20230326024420)
2023-03-26 20:36:01,942 - DEBUG - s_20230326083558_20230326024420 - 2398970 -     Uploader::upload       |cost:0.10s| Return: https://resource.onsite.run/results/2023031903/20230326024420&2023-03-26_20-35-58.zip
2023-03-26 20:36:01,960 - INFO  - s_20230326083558_20230326024420 - 2398970 - {'status': 'PULL ERROR', 'score': None, 'resultLink': 'https://resource.onsite.run/results/2023031903/20230326024420&2023-03-26_20-35-58.zip'}
2023-03-26 20:37:42,145 - DEBUG - s_20230326083740_20230326024420 - 2398969 -   DockerTool::_pull_docker (codenoobfromusst/test-1:0.0.1)
2023-03-26 20:37:44,764 - DEBUG - s_20230326083740_20230326024420 - 2398969 -   DockerTool::_pull_docker |cost:2.62s| Return: SUCCESS
2023-03-26 20:37:44,764 - DEBUG - s_20230326083740_20230326024420 - 2398969 -   DockerTool::_test_docker (codenoobfromusst/test-1:0.0.1)
2023-03-26 20:38:43,079 - DEBUG - s_20230326083740_20230326024420 - 2398969 -   DockerTool::_test_docker |cost:58.32s| Return: SUCCESS
2023-03-26 20:38:43,145 - DEBUG - s_20230326083740_20230326024420 - 2398969 - RunEvaluator::evaluate     (/home/ubuntu/onsite-develop/onsite-test-server/scenes/A/intersection/inputs,/home/ubuntu/onsite-develop/onsite-test-server/temp/s_20230326083740_20230326024420)
2023-03-26 20:39:34,405 - DEBUG - s_20230326083740_20230326024420 - 2398969 - RunEvaluator::evaluate     |cost:51.26s| Return: 83.86266666666667
2023-03-26 20:39:34,405 - DEBUG - s_20230326083740_20230326024420 - 2398969 -     Uploader::upload       (2023031903,20230326024420,2023-03-26 20:37:41,/home/ubuntu/onsite-develop/onsite-test-server/temp/s_20230326083740_20230326024420)
2023-03-26 20:39:34,768 - DEBUG - s_20230326083740_20230326024420 - 2398969 -     Uploader::upload       |cost:0.36s| Return: https://resource.onsite.run/results/2023031903/20230326024420&2023-03-26_20-37-41.zip
2023-03-26 20:39:34,787 - INFO  - s_20230326083740_20230326024420 - 2398969 - {'status': 'SUCCESS', 'score': 83.86266666666667, 'resultLink': 'https://resource.onsite.run/results/2023031903/20230326024420&2023-03-26_20-37-41.zip'}
2023-03-27 19:28:26,022 - DEBUG - s_20230327072823_20230322113149 - 2398967 -   DockerTool::_pull_docker (cb4649839c1c)
2023-03-27 19:28:30,634 - ERROR - s_20230327072823_20230322113149 - 2398967 - [PULL ERROR]:
Error response from daemon: pull access denied for cb4649839c1c, repository does not exist or may require 'docker login': denied: requested access to the resource is denied
2023-03-27 19:28:30,634 - DEBUG - s_20230327072823_20230322113149 - 2398967 -   DockerTool::_pull_docker |cost:4.61s| Return: PULL ERROR
2023-03-27 19:28:30,634 - DEBUG - s_20230327072823_20230322113149 - 2398967 -     Uploader::upload       (2023031902,20230322113149,2023-03-27 19:28:23,/home/ubuntu/onsite-develop/onsite-test-server/temp/s_20230327072823_20230322113149)
2023-03-27 19:28:30,728 - DEBUG - s_20230327072823_20230322113149 - 2398967 -     Uploader::upload       |cost:0.09s| Return: https://resource.onsite.run/results/2023031902/20230322113149&2023-03-27_19-28-23.zip
2023-03-27 19:28:30,746 - INFO  - s_20230327072823_20230322113149 - 2398967 - {'status': 'PULL ERROR', 'score': None, 'resultLink': 'https://resource.onsite.run/results/2023031902/20230322113149&2023-03-27_19-28-23.zip'}
2023-03-27 19:29:11,180 - DEBUG - s_20230327072906_20230322113149 - 2398968 -   DockerTool::_pull_docker (siyuanjessica)
2023-03-27 19:29:15,693 - ERROR - s_20230327072906_20230322113149 - 2398968 - [PULL ERROR]:
Error response from daemon: pull access denied for siyuanjessica, repository does not exist or may require 'docker login': denied: requested access to the resource is denied
2023-03-27 19:29:15,693 - DEBUG - s_20230327072906_20230322113149 - 2398968 -   DockerTool::_pull_docker |cost:4.51s| Return: PULL ERROR
2023-03-27 19:29:15,693 - DEBUG - s_20230327072906_20230322113149 - 2398968 -     Uploader::upload       (2023031902,20230322113149,2023-03-27 19:29:07,/home/ubuntu/onsite-develop/onsite-test-server/temp/s_20230327072906_20230322113149)
2023-03-27 19:29:15,798 - DEBUG - s_20230327072906_20230322113149 - 2398968 -     Uploader::upload       |cost:0.11s| Return: https://resource.onsite.run/results/2023031902/20230322113149&2023-03-27_19-29-07.zip
2023-03-27 19:29:15,816 - INFO  - s_20230327072906_20230322113149 - 2398968 - {'status': 'PULL ERROR', 'score': None, 'resultLink': 'https://resource.onsite.run/results/2023031902/20230322113149&2023-03-27_19-29-07.zip'}
2023-03-27 19:29:46,301 - DEBUG - s_20230327072942_20230322113149 - 2398974 -   DockerTool::_pull_docker (siyuanjessica/test-1:0.0.1)
2023-03-27 19:29:48,790 - DEBUG - s_20230327072942_20230322113149 - 2398974 -   DockerTool::_pull_docker |cost:2.49s| Return: SUCCESS
2023-03-27 19:29:48,791 - DEBUG - s_20230327072942_20230322113149 - 2398974 -   DockerTool::_test_docker (siyuanjessica/test-1:0.0.1)
2023-03-27 19:31:09,261 - DEBUG - s_20230327072942_20230322113149 - 2398974 -   DockerTool::_test_docker |cost:80.47s| Return: SUCCESS
2023-03-27 19:31:09,325 - DEBUG - s_20230327072942_20230322113149 - 2398974 - RunEvaluator::evaluate     (/home/ubuntu/onsite-develop/onsite-test-server/scenes/A/ramp/inputs,/home/ubuntu/onsite-develop/onsite-test-server/temp/s_20230327072942_20230322113149)
2023-03-27 19:31:39,969 - DEBUG - s_20230327072942_20230322113149 - 2398974 - RunEvaluator::evaluate     |cost:30.64s| Return: 67.08266666666667
2023-03-27 19:31:39,969 - DEBUG - s_20230327072942_20230322113149 - 2398974 -     Uploader::upload       (2023031902,20230322113149,2023-03-27 19:29:43,/home/ubuntu/onsite-develop/onsite-test-server/temp/s_20230327072942_20230322113149)
2023-03-27 19:31:40,210 - DEBUG - s_20230327072942_20230322113149 - 2398974 -     Uploader::upload       |cost:0.24s| Return: https://resource.onsite.run/results/2023031902/20230322113149&2023-03-27_19-29-43.zip
2023-03-27 19:31:40,228 - INFO  - s_20230327072942_20230322113149 - 2398974 - {'status': 'SUCCESS', 'score': 67.08266666666667, 'resultLink': 'https://resource.onsite.run/results/2023031902/20230322113149&2023-03-27_19-29-43.zip'}
