2023-03-21 11:12:55 - INFO  - Detect new submition: s_20230321111251_20230307123639 (DockerId:wangsihan123/idm:0.0.2)
2023-03-21 11:12:55 - DEBUG - {'submitId': 's_20230321111251_20230307123639', 'submitterId': '20230307123639', 'competitionId': '2023031601', 'submitTime': datetime.datetime(2023, 3, 21, 11, 12, 51), 'testTime': None, 'score': None, 'dockerId': 'wangsihan123/idm:0.0.2', 'paperType': 'A', 'resultLink': None, 'status': 'QUEUING'}
2023-03-21 11:15:40 - INFO  - Detect new submition: s_20230321111538_20230307123639 (DockerId:wangsihan123/idm:0.0.2)
2023-03-21 11:15:40 - DEBUG - {'submitId': 's_20230321111538_20230307123639', 'submitterId': '20230307123639', 'competitionId': '2023031601', 'submitTime': datetime.datetime(2023, 3, 21, 11, 15, 38), 'testTime': None, 'score': None, 'dockerId': 'wangsihan123/idm:0.0.2', 'paperType': 'A', 'resultLink': None, 'status': 'QUEUING'}
2023-03-21 11:18:01 - INFO  - Detect new submition: s_20230321111758_20230307123639 (DockerId:123456789)
2023-03-21 11:18:01 - DEBUG - {'submitId': 's_20230321111758_20230307123639', 'submitterId': '20230307123639', 'competitionId': '2023031601', 'submitTime': datetime.datetime(2023, 3, 21, 11, 17, 58), 'testTime': None, 'score': None, 'dockerId': '123456789', 'paperType': 'A', 'resultLink': None, 'status': 'QUEUING'}
2023-03-21 11:23:24 - INFO  - Detect new submition: s_20230321112324_20230307123639 (DockerId:1234567890)
2023-03-21 11:23:24 - DEBUG - {'submitId': 's_20230321112324_20230307123639', 'submitterId': '20230307123639', 'competitionId': '2023031601', 'submitTime': datetime.datetime(2023, 3, 21, 11, 23, 24), 'testTime': None, 'score': None, 'dockerId': '1234567890', 'paperType': 'A', 'resultLink': None, 'status': 'QUEUING'}
2023-03-21 11:26:51 - INFO  - Detect new submition: s_20230321112647_20230307123639 (DockerId:wangsihan123/idm:0.0.2)
2023-03-21 11:26:51 - DEBUG - {'submitId': 's_20230321112647_20230307123639', 'submitterId': '20230307123639', 'competitionId': '2023031601', 'submitTime': datetime.datetime(2023, 3, 21, 11, 26, 48), 'testTime': None, 'score': None, 'dockerId': 'wangsihan123/idm:0.0.2', 'paperType': 'A', 'resultLink': None, 'status': 'QUEUING'}
2023-03-21 11:28:41 - INFO  - Detect new submition: s_20230321112839_20230307123639 (DockerId:wangsihan123/idm:0.0.2)
2023-03-21 11:28:41 - DEBUG - {'submitId': 's_20230321112839_20230307123639', 'submitterId': '20230307123639', 'competitionId': '2023031601', 'submitTime': datetime.datetime(2023, 3, 21, 11, 28, 39), 'testTime': None, 'score': None, 'dockerId': 'wangsihan123/idm:0.0.2', 'paperType': 'A', 'resultLink': None, 'status': 'QUEUING'}
2023-03-21 11:32:26 - INFO  - Detect new submition: s_20230321113222_20230307123639 (DockerId:wangsihan123/idm:0.0.2)
2023-03-21 11:32:26 - DEBUG - {'submitId': 's_20230321113222_20230307123639', 'submitterId': '20230307123639', 'competitionId': '2023031601', 'submitTime': datetime.datetime(2023, 3, 21, 11, 32, 23), 'testTime': None, 'score': None, 'dockerId': 'wangsihan123/idm:0.0.2', 'paperType': 'A', 'resultLink': None, 'status': 'QUEUING'}
2023-03-21 11:39:07 - INFO  - Detect new submition: s_20230321113902_20230307123639 (DockerId:wangsihan123/idm:0.0.2)
2023-03-21 11:39:07 - DEBUG - {'submitId': 's_20230321113902_20230307123639', 'submitterId': '20230307123639', 'competitionId': '2023031601', 'submitTime': datetime.datetime(2023, 3, 21, 11, 39, 3), 'testTime': None, 'score': None, 'dockerId': 'wangsihan123/idm:0.0.2', 'paperType': 'A', 'resultLink': None, 'status': 'QUEUING'}
2023-03-21 11:39:55 - INFO  - Detect new submition: s_20230321113950_20230307123639 (DockerId:wangsihan123/lattice2:0.0.1)
2023-03-21 11:39:55 - DEBUG - {'submitId': 's_20230321113950_20230307123639', 'submitterId': '20230307123639', 'competitionId': '2023031601', 'submitTime': datetime.datetime(2023, 3, 21, 11, 39, 51), 'testTime': None, 'score': None, 'dockerId': 'wangsihan123/lattice2:0.0.1', 'paperType': 'A', 'resultLink': None, 'status': 'QUEUING'}
2023-03-21 11:40:05 - INFO  - Detect new submition: s_20230321114003_20230307123639 (DockerId:wangsihan123/lattice1:0.1.5)
2023-03-21 11:40:05 - DEBUG - {'submitId': 's_20230321114003_20230307123639', 'submitterId': '20230307123639', 'competitionId': '2023031601', 'submitTime': datetime.datetime(2023, 3, 21, 11, 40, 3), 'testTime': None, 'score': None, 'dockerId': 'wangsihan123/lattice1:0.1.5', 'paperType': 'A', 'resultLink': None, 'status': 'QUEUING'}
2023-03-21 11:40:05 - INFO  - Detect new submition: s_20230320051500_20230316121333 (DockerId:wangsihan123/lattice1:0.1.5)
2023-03-21 11:40:05 - INFO  - Detect new submition: s_20230322122024_20230307123639 (DockerId:wangsihan123/lattice1:0.1.5)2023-03-24 13:42:44 - INFO  - Detect new submition: s_20230322122024_20230307123639 (DockerId:1234567)
2023-03-24 13:42:44 - ERROR - Competition(id:2023031405) is not in test list!
2023-03-24 13:42:44 - ERROR - Competition(id:2023031901) is not in test list!
2023-03-24 13:42:44 - ERROR - Competition(id:2023031902) is not in test list!
2023-03-24 13:42:44 - ERROR - Competition(id:2023031903) is not in test list!
2023-03-24 13:42:44 - ERROR - Competition(id:2023031405) is not in test list!
2023-03-24 13:42:44 - ERROR - Competition(id:2023031901) is not in test list!
2023-03-24 13:42:44 - ERROR - Competition(id:2023031902) is not in test list!
2023-03-24 13:42:44 - ERROR - Competition(id:2023031903) is not in test list!
2023-03-24 13:42:49 - ERROR - Competition(id:2023031405) is not in test list!
2023-03-24 13:42:49 - ERROR - Competition(id:2023031901) is not in test list!
2023-03-24 13:42:49 - ERROR - Competition(id:2023031902) is not in test list!
2023-03-24 13:42:49 - ERROR - Competition(id:2023031903) is not in test list!
2023-03-24 13:42:49 - ERROR - Competition(id:2023031405) is not in test list!
2023-03-24 13:42:49 - ERROR - Competition(id:2023031901) is not in test list!
2023-03-24 13:42:49 - ERROR - Competition(id:2023031902) is not in test list!
2023-03-24 13:42:49 - ERROR - Competition(id:2023031903) is not in test list!
2023-03-24 13:42:51 - ERROR - Competition(id:2023031405) is not in test list!
2023-03-24 13:42:51 - ERROR - Competition(id:2023031901) is not in test list!
2023-03-24 13:42:51 - ERROR - Competition(id:2023031902) is not in test list!
2023-03-24 13:42:51 - ERROR - Competition(id:2023031903) is not in test list!
2023-03-24 13:42:51 - ERROR - Competition(id:2023031405) is not in test list!
2023-03-24 13:42:51 - ERROR - Competition(id:2023031901) is not in test list!
2023-03-24 13:42:51 - ERROR - Competition(id:2023031902) is not in test list!
2023-03-24 13:42:51 - ERROR - Competition(id:2023031903) is not in test list!
2023-03-24 13:42:56 - ERROR - Competition(id:2023031405) is not in test list!
2023-03-24 13:42:56 - ERROR - Competition(id:2023031901) is not in test list!
2023-03-24 13:42:56 - ERROR - Competition(id:2023031902) is not in test list!
2023-03-24 13:42:56 - ERROR - Competition(id:2023031903) is not in test list!
2023-03-24 13:42:56 - ERROR - Competition(id:2023031405) is not in test list!
2023-03-24 13:42:56 - ERROR - Competition(id:2023031901) is not in test list!
2023-03-24 13:42:56 - ERROR - Competition(id:2023031902) is not in test list!
2023-03-24 13:42:56 - ERROR - Competition(id:2023031903) is not in test list!
2023-03-24 13:43:41 - ERROR - Competition(id:2023031405) is not in test list!
2023-03-24 13:43:41 - ERROR - Competition(id:2023031901) is not in test list!
2023-03-24 13:43:41 - ERROR - Competition(id:2023031902) is not in test list!
2023-03-24 13:43:41 - ERROR - Competition(id:2023031903) is not in test list!
2023-03-24 13:43:41 - ERROR - Competition(id:2023031405) is not in test list!
2023-03-24 13:43:41 - ERROR - Competition(id:2023031901) is not in test list!
2023-03-24 13:43:41 - ERROR - Competition(id:2023031902) is not in test list!
2023-03-24 13:43:41 - ERROR - Competition(id:2023031903) is not in test list!
2023-03-24 13:43:46 - ERROR - Competition(id:2023031405) is not in test list!
2023-03-24 13:43:46 - ERROR - Competition(id:2023031901) is not in test list!
2023-03-24 13:43:46 - ERROR - Competition(id:2023031902) is not in test list!
2023-03-24 13:43:46 - ERROR - Competition(id:2023031903) is not in test list!
2023-03-24 13:43:46 - ERROR - Competition(id:2023031405) is not in test list!
2023-03-24 13:43:46 - ERROR - Competition(id:2023031901) is not in test list!
2023-03-24 13:43:46 - ERROR - Competition(id:2023031902) is not in test list!
2023-03-24 13:43:46 - ERROR - Competition(id:2023031903) is not in test list!
2023-03-24 13:43:51 - ERROR - Competition(id:2023031405) is not in test list!
2023-03-24 13:43:51 - ERROR - Competition(id:2023031901) is not in test list!
2023-03-24 13:43:51 - ERROR - Competition(id:2023031902) is not in test list!
2023-03-24 13:43:51 - ERROR - Competition(id:2023031903) is not in test list!
2023-03-24 13:43:51 - ERROR - Competition(id:2023031405) is not in test list!
2023-03-24 13:43:51 - ERROR - Competition(id:2023031901) is not in test list!
2023-03-24 13:43:51 - ERROR - Competition(id:2023031902) is not in test list!
2023-03-24 13:43:51 - ERROR - Competition(id:2023031903) is not in test list!
2023-03-24 13:43:56 - ERROR - Competition(id:2023031405) is not in test list!
2023-03-24 13:43:56 - ERROR - Competition(id:2023031901) is not in test list!
2023-03-24 13:43:56 - ERROR - Competition(id:2023031902) is not in test list!
2023-03-24 13:43:56 - ERROR - Competition(id:2023031903) is not in test list!
2023-03-24 13:43:56 - ERROR - Competition(id:2023031405) is not in test list!
2023-03-24 13:43:56 - ERROR - Competition(id:2023031901) is not in test list!
2023-03-24 13:43:56 - ERROR - Competition(id:2023031902) is not in test list!
2023-03-24 13:43:56 - ERROR - Competition(id:2023031903) is not in test list!
2023-03-24 13:44:01 - ERROR - Competition(id:2023031405) is not in test list!
2023-03-24 13:44:01 - ERROR - Competition(id:2023031901) is not in test list!
2023-03-24 13:44:01 - ERROR - Competition(id:2023031902) is not in test list!
2023-03-24 13:44:01 - ERROR - Competition(id:2023031903) is not in test list!
2023-03-24 13:44:01 - ERROR - Competition(id:2023031405) is not in test list!
2023-03-24 13:44:01 - ERROR - Competition(id:2023031901) is not in test list!
2023-03-24 13:44:01 - ERROR - Competition(id:2023031902) is not in test list!
2023-03-24 13:44:01 - ERROR - Competition(id:2023031903) is not in test list!
2023-03-24 13:44:06 - ERROR - Competition(id:2023031405) is not in test list!
2023-03-24 13:44:06 - ERROR - Competition(id:2023031901) is not in test list!
2023-03-24 13:44:06 - ERROR - Competition(id:2023031902) is not in test list!
2023-03-24 13:44:06 - ERROR - Competition(id:2023031903) is not in test list!
2023-03-24 13:44:06 - ERROR - Competition(id:2023031405) is not in test list!
2023-03-24 13:44:06 - ERROR - Competition(id:2023031901) is not in test list!
2023-03-24 13:44:06 - ERROR - Competition(id:2023031902) is not in test list!
2023-03-24 13:44:06 - ERROR - Competition(id:2023031903) is not in test list!
2023-03-24 13:44:11 - ERROR - Competition(id:2023031405) is not in test list!
2023-03-24 13:44:11 - ERROR - Competition(id:2023031901) is not in test list!
2023-03-24 13:44:11 - ERROR - Competition(id:2023031902) is not in test list!
2023-03-24 13:44:11 - ERROR - Competition(id:2023031903) is not in test list!
2023-03-24 13:44:11 - ERROR - Competition(id:2023031405) is not in test list!
2023-03-24 13:44:11 - ERROR - Competition(id:2023031901) is not in test list!
2023-03-24 13:44:11 - ERROR - Competition(id:2023031902) is not in test list!
2023-03-24 13:44:11 - ERROR - Competition(id:2023031903) is not in test list!
2023-03-24 13:44:16 - ERROR - Competition(id:2023031405) is not in test list!
2023-03-24 13:44:16 - ERROR - Competition(id:2023031901) is not in test list!
2023-03-24 13:44:16 - ERROR - Competition(id:2023031902) is not in test list!
2023-03-24 13:44:16 - ERROR - Competition(id:2023031903) is not in test list!
2023-03-24 13:44:16 - ERROR - Competition(id:2023031405) is not in test list!
2023-03-24 13:44:16 - ERROR - Competition(id:2023031901) is not in test list!
2023-03-24 13:44:16 - ERROR - Competition(id:2023031902) is not in test list!
2023-03-24 13:44:16 - ERROR - Competition(id:2023031903) is not in test list!
2023-03-24 13:44:21 - ERROR - Competition(id:2023031405) is not in test list!
2023-03-24 13:44:21 - ERROR - Competition(id:2023031901) is not in test list!
2023-03-24 13:44:21 - ERROR - Competition(id:2023031902) is not in test list!
2023-03-24 13:44:21 - ERROR - Competition(id:2023031903) is not in test list!
2023-03-24 13:44:21 - ERROR - Competition(id:2023031405) is not in test list!
2023-03-24 13:44:21 - ERROR - Competition(id:2023031901) is not in test list!
2023-03-24 13:44:21 - ERROR - Competition(id:2023031902) is not in test list!
2023-03-24 13:44:21 - ERROR - Competition(id:2023031903) is not in test list!
2023-03-24 13:44:26 - ERROR - Competition(id:2023031405) is not in test list!
2023-03-24 13:44:26 - ERROR - Competition(id:2023031901) is not in test list!
2023-03-24 13:44:26 - ERROR - Competition(id:2023031902) is not in test list!
2023-03-24 13:44:26 - ERROR - Competition(id:2023031903) is not in test list!
2023-03-24 13:44:26 - ERROR - Competition(id:2023031405) is not in test list!
2023-03-24 13:44:26 - ERROR - Competition(id:2023031901) is not in test list!
2023-03-24 13:44:26 - ERROR - Competition(id:2023031902) is not in test list!
2023-03-24 13:44:26 - ERROR - Competition(id:2023031903) is not in test list!
2023-03-24 13:44:31 - ERROR - Competition(id:2023031405) is not in test list!
2023-03-24 13:44:31 - ERROR - Competition(id:2023031901) is not in test list!
2023-03-24 13:44:31 - ERROR - Competition(id:2023031902) is not in test list!
2023-03-24 13:44:31 - ERROR - Competition(id:2023031903) is not in test list!
2023-03-24 13:44:31 - ERROR - Competition(id:2023031405) is not in test list!
2023-03-24 13:44:31 - ERROR - Competition(id:2023031901) is not in test list!
2023-03-24 13:44:31 - ERROR - Competition(id:2023031902) is not in test list!
2023-03-24 13:44:31 - ERROR - Competition(id:2023031903) is not in test list!
2023-03-24 13:44:36 - ERROR - Competition(id:2023031405) is not in test list!
2023-03-24 13:44:36 - ERROR - Competition(id:2023031901) is not in test list!
2023-03-24 13:44:36 - ERROR - Competition(id:2023031902) is not in test list!
2023-03-24 13:44:36 - ERROR - Competition(id:2023031903) is not in test list!
2023-03-24 13:44:36 - ERROR - Competition(id:2023031405) is not in test list!
2023-03-24 13:44:36 - ERROR - Competition(id:2023031901) is not in test list!
2023-03-24 13:44:36 - ERROR - Competition(id:2023031902) is not in test list!
2023-03-24 13:44:36 - ERROR - Competition(id:2023031903) is not in test list!
2023-03-24 13:44:41 - ERROR - Competition(id:2023031405) is not in test list!
2023-03-24 13:44:41 - ERROR - Competition(id:2023031901) is not in test list!
2023-03-24 13:44:41 - ERROR - Competition(id:2023031902) is not in test list!
2023-03-24 13:44:41 - ERROR - Competition(id:2023031903) is not in test list!
2023-03-24 13:44:41 - ERROR - Competition(id:2023031405) is not in test list!
2023-03-24 13:44:41 - ERROR - Competition(id:2023031901) is not in test list!
2023-03-24 13:44:41 - ERROR - Competition(id:2023031902) is not in test list!
2023-03-24 13:44:41 - ERROR - Competition(id:2023031903) is not in test list!
2023-03-24 13:45:06 - ERROR - Competition(id:2023031405) is not in test list!
2023-03-24 13:45:06 - ERROR - Competition(id:2023031901) is not in test list!
2023-03-24 13:45:06 - ERROR - Competition(id:2023031902) is not in test list!
2023-03-24 13:45:06 - ERROR - Competition(id:2023031903) is not in test list!
2023-03-24 13:45:06 - ERROR - Competition(id:2023031405) is not in test list!
2023-03-24 13:45:06 - ERROR - Competition(id:2023031901) is not in test list!
2023-03-24 13:45:06 - ERROR - Competition(id:2023031902) is not in test list!
2023-03-24 13:45:06 - ERROR - Competition(id:2023031903) is not in test list!
2023-03-24 13:45:11 - ERROR - Competition(id:2023031405) is not in test list!
2023-03-24 13:45:11 - ERROR - Competition(id:2023031901) is not in test list!
2023-03-24 13:45:11 - ERROR - Competition(id:2023031902) is not in test list!
2023-03-24 13:45:11 - ERROR - Competition(id:2023031903) is not in test list!
2023-03-24 13:45:11 - ERROR - Competition(id:2023031405) is not in test list!
2023-03-24 13:45:11 - ERROR - Competition(id:2023031901) is not in test list!
2023-03-24 13:45:11 - ERROR - Competition(id:2023031902) is not in test list!
2023-03-24 13:45:11 - ERROR - Competition(id:2023031903) is not in test list!
2023-03-24 13:45:16 - ERROR - Competition(id:2023031405) is not in test list!
2023-03-24 13:45:16 - ERROR - Competition(id:2023031901) is not in test list!
2023-03-24 13:45:16 - ERROR - Competition(id:2023031902) is not in test list!
2023-03-24 13:45:16 - ERROR - Competition(id:2023031903) is not in test list!
2023-03-24 13:45:16 - ERROR - Competition(id:2023031405) is not in test list!
2023-03-24 13:45:16 - ERROR - Competition(id:2023031901) is not in test list!
2023-03-24 13:45:16 - ERROR - Competition(id:2023031902) is not in test list!
2023-03-24 13:45:16 - ERROR - Competition(id:2023031903) is not in test list!
2023-03-24 13:45:21 - ERROR - Competition(id:2023031405) is not in test list!
2023-03-24 13:45:21 - ERROR - Competition(id:2023031901) is not in test list!
2023-03-24 13:45:21 - ERROR - Competition(id:2023031902) is not in test list!
2023-03-24 13:45:21 - ERROR - Competition(id:2023031903) is not in test list!
2023-03-24 13:45:21 - ERROR - Competition(id:2023031405) is not in test list!
2023-03-24 13:45:21 - ERROR - Competition(id:2023031901) is not in test list!
2023-03-24 13:45:21 - ERROR - Competition(id:2023031902) is not in test list!
2023-03-24 13:45:21 - ERROR - Competition(id:2023031903) is not in test list!
2023-03-24 13:45:26 - ERROR - Competition(id:2023031405) is not in test list!
2023-03-24 13:45:26 - ERROR - Competition(id:2023031901) is not in test list!
2023-03-24 13:45:26 - ERROR - Competition(id:2023031902) is not in test list!
2023-03-24 13:45:26 - ERROR - Competition(id:2023031903) is not in test list!
2023-03-24 13:45:26 - ERROR - Competition(id:2023031405) is not in test list!
2023-03-24 13:45:26 - ERROR - Competition(id:2023031901) is not in test list!
2023-03-24 13:45:26 - ERROR - Competition(id:2023031902) is not in test list!
2023-03-24 13:45:26 - ERROR - Competition(id:2023031903) is not in test list!
2023-03-24 13:45:28 - ERROR - Competition(id:2023031405) is not in test list!
2023-03-24 13:45:28 - ERROR - Competition(id:2023031901) is not in test list!
2023-03-24 13:45:28 - ERROR - Competition(id:2023031902) is not in test list!
2023-03-24 13:45:28 - ERROR - Competition(id:2023031903) is not in test list!
2023-03-24 13:45:28 - ERROR - Competition(id:2023031405) is not in test list!
2023-03-24 13:45:28 - ERROR - Competition(id:2023031901) is not in test list!
2023-03-24 13:45:28 - ERROR - Competition(id:2023031902) is not in test list!
2023-03-24 13:45:28 - ERROR - Competition(id:2023031903) is not in test list!
2023-03-24 13:45:33 - ERROR - Competition(id:2023031405) is not in test list!
2023-03-24 13:45:33 - ERROR - Competition(id:2023031901) is not in test list!
2023-03-24 13:45:33 - ERROR - Competition(id:2023031902) is not in test list!
2023-03-24 13:45:33 - ERROR - Competition(id:2023031903) is not in test list!
2023-03-24 13:45:33 - ERROR - Competition(id:2023031405) is not in test list!
2023-03-24 13:45:33 - ERROR - Competition(id:2023031901) is not in test list!
2023-03-24 13:45:33 - ERROR - Competition(id:2023031902) is not in test list!
2023-03-24 13:45:33 - ERROR - Competition(id:2023031903) is not in test list!
2023-03-24 13:45:38 - ERROR - Competition(id:2023031405) is not in test list!
2023-03-24 13:45:38 - ERROR - Competition(id:2023031901) is not in test list!
2023-03-24 13:45:38 - ERROR - Competition(id:2023031902) is not in test list!
2023-03-24 13:45:38 - ERROR - Competition(id:2023031903) is not in test list!
2023-03-24 13:45:38 - ERROR - Competition(id:2023031405) is not in test list!
2023-03-24 13:45:38 - ERROR - Competition(id:2023031901) is not in test list!
2023-03-24 13:45:38 - ERROR - Competition(id:2023031902) is not in test list!
2023-03-24 13:45:38 - ERROR - Competition(id:2023031903) is not in test list!
2023-03-24 13:45:43 - ERROR - Competition(id:2023031405) is not in test list!
2023-03-24 13:45:43 - ERROR - Competition(id:2023031901) is not in test list!
2023-03-24 13:45:43 - ERROR - Competition(id:2023031902) is not in test list!
2023-03-24 13:45:43 - ERROR - Competition(id:2023031903) is not in test list!
2023-03-24 13:45:43 - ERROR - Competition(id:2023031405) is not in test list!
2023-03-24 13:45:43 - ERROR - Competition(id:2023031901) is not in test list!
2023-03-24 13:45:43 - ERROR - Competition(id:2023031902) is not in test list!
2023-03-24 13:45:43 - ERROR - Competition(id:2023031903) is not in test list!
2023-03-24 13:45:48 - ERROR - Competition(id:2023031405) is not in test list!
2023-03-24 13:45:48 - ERROR - Competition(id:2023031901) is not in test list!
2023-03-24 13:45:48 - ERROR - Competition(id:2023031902) is not in test list!
2023-03-24 13:45:48 - ERROR - Competition(id:2023031903) is not in test list!
2023-03-24 13:45:48 - ERROR - Competition(id:2023031405) is not in test list!
2023-03-24 13:45:48 - ERROR - Competition(id:2023031901) is not in test list!
2023-03-24 13:45:48 - ERROR - Competition(id:2023031902) is not in test list!
2023-03-24 13:45:48 - ERROR - Competition(id:2023031903) is not in test list!
2023-03-24 13:45:53 - ERROR - Competition(id:2023031405) is not in test list!
2023-03-24 13:45:53 - ERROR - Competition(id:2023031901) is not in test list!
2023-03-24 13:45:53 - ERROR - Competition(id:2023031902) is not in test list!
2023-03-24 13:45:53 - ERROR - Competition(id:2023031903) is not in test list!
2023-03-24 13:45:53 - ERROR - Competition(id:2023031405) is not in test list!
2023-03-24 13:45:53 - ERROR - Competition(id:2023031901) is not in test list!
2023-03-24 13:45:53 - ERROR - Competition(id:2023031902) is not in test list!
2023-03-24 13:45:53 - ERROR - Competition(id:2023031903) is not in test list!
2023-03-24 13:45:58 - ERROR - Competition(id:2023031405) is not in test list!
2023-03-24 13:45:58 - ERROR - Competition(id:2023031901) is not in test list!
2023-03-24 13:45:58 - ERROR - Competition(id:2023031902) is not in test list!
2023-03-24 13:45:58 - ERROR - Competition(id:2023031903) is not in test list!
2023-03-24 13:45:58 - ERROR - Competition(id:2023031405) is not in test list!
2023-03-24 13:45:58 - ERROR - Competition(id:2023031901) is not in test list!
2023-03-24 13:45:58 - ERROR - Competition(id:2023031902) is not in test list!
2023-03-24 13:45:58 - ERROR - Competition(id:2023031903) is not in test list!
2023-03-24 13:46:03 - ERROR - Competition(id:2023031405) is not in test list!
2023-03-24 13:46:03 - ERROR - Competition(id:2023031901) is not in test list!
2023-03-24 13:46:03 - ERROR - Competition(id:2023031902) is not in test list!
2023-03-24 13:46:03 - ERROR - Competition(id:2023031903) is not in test list!
2023-03-24 13:46:03 - ERROR - Competition(id:2023031405) is not in test list!
2023-03-24 13:46:03 - ERROR - Competition(id:2023031901) is not in test list!
2023-03-24 13:46:03 - ERROR - Competition(id:2023031902) is not in test list!
2023-03-24 13:46:03 - ERROR - Competition(id:2023031903) is not in test list!
2023-03-24 13:46:08 - ERROR - Competition(id:2023031405) is not in test list!
2023-03-24 13:46:08 - ERROR - Competition(id:2023031901) is not in test list!
2023-03-24 13:46:08 - ERROR - Competition(id:2023031902) is not in test list!
2023-03-24 13:46:08 - ERROR - Competition(id:2023031903) is not in test list!
2023-03-24 13:46:08 - ERROR - Competition(id:2023031405) is not in test list!
2023-03-24 13:46:08 - ERROR - Competition(id:2023031901) is not in test list!
2023-03-24 13:46:08 - ERROR - Competition(id:2023031902) is not in test list!
2023-03-24 13:46:08 - ERROR - Competition(id:2023031903) is not in test list!
2023-03-24 13:46:10 - ERROR - Competition(id:2023031405) is not in test list!
2023-03-24 13:46:10 - ERROR - Competition(id:2023031901) is not in test list!
2023-03-24 13:46:10 - ERROR - Competition(id:2023031902) is not in test list!
2023-03-24 13:46:10 - ERROR - Competition(id:2023031903) is not in test list!
2023-03-24 13:46:10 - ERROR - Competition(id:2023031405) is not in test list!
2023-03-24 13:46:10 - ERROR - Competition(id:2023031901) is not in test list!
2023-03-24 13:46:10 - ERROR - Competition(id:2023031902) is not in test list!
2023-03-24 13:46:10 - ERROR - Competition(id:2023031903) is not in test list!
2023-03-25 02:12:25 - INFO  - Detect new submition: s_20230323053101_20230323043922 (DockerId:wangsihan123/idm:0.0.2)
2023-03-25 02:12:25 - INFO  - Detect new submition: s_20230323053111_20230323043922 (DockerId:wangsihan123/idm:0.0.2)
2023-03-25 02:12:25 - INFO  - Detect new submition: s_20230323053119_20230323043922 (DockerId:wangsihan123/idm:0.0.2)
2023-03-25 02:12:25 - INFO  - Detect new submition: s_20230323053128_20230323043922 (DockerId:wangsihan123/idm:0.0.2)
2023-03-25 02:12:25 - INFO  - Detect new submition: s_20230323053221_20230323044004 (DockerId:wangsihan123/lattice1:0.1.5)
2023-03-25 02:12:25 - INFO  - Detect new submition: s_20230323053230_20230323044004 (DockerId:wangsihan123/lattice1:0.1.5)
2023-03-25 02:12:25 - INFO  - Detect new submition: s_20230323053238_20230323044004 (DockerId:wangsihan123/lattice1:0.1.5)
2023-03-25 02:12:25 - INFO  - Detect new submition: s_20230323053245_20230323044004 (DockerId:wangsihan123/lattice1:0.1.5)
2023-03-25 02:12:30 - INFO  - Detect new submition: s_20230323053101_20230323043922 (DockerId:wangsihan123/idm:0.0.2)
2023-03-25 02:12:30 - INFO  - Detect new submition: s_20230323053111_20230323043922 (DockerId:wangsihan123/idm:0.0.2)
2023-03-25 02:12:30 - INFO  - Detect new submition: s_20230323053119_20230323043922 (DockerId:wangsihan123/idm:0.0.2)
2023-03-25 02:12:30 - INFO  - Detect new submition: s_20230323053128_20230323043922 (DockerId:wangsihan123/idm:0.0.2)
2023-03-25 02:12:30 - INFO  - Detect new submition: s_20230323053221_20230323044004 (DockerId:wangsihan123/lattice1:0.1.5)
2023-03-25 02:12:30 - INFO  - Detect new submition: s_20230323053230_20230323044004 (DockerId:wangsihan123/lattice1:0.1.5)
2023-03-25 02:12:30 - INFO  - Detect new submition: s_20230323053238_20230323044004 (DockerId:wangsihan123/lattice1:0.1.5)
2023-03-25 02:12:30 - INFO  - Detect new submition: s_20230323053245_20230323044004 (DockerId:wangsihan123/lattice1:0.1.5)
2023-03-25 02:12:35 - INFO  - Detect new submition: s_20230323053111_20230323043922 (DockerId:wangsihan123/idm:0.0.2)
2023-03-25 02:12:35 - INFO  - Detect new submition: s_20230323053119_20230323043922 (DockerId:wangsihan123/idm:0.0.2)
2023-03-25 02:12:35 - INFO  - Detect new submition: s_20230323053230_20230323044004 (DockerId:wangsihan123/lattice1:0.1.5)
2023-03-25 02:12:40 - INFO  - Detect new submition: s_20230323053111_20230323043922 (DockerId:wangsihan123/idm:0.0.2)
2023-03-25 02:12:40 - INFO  - Detect new submition: s_20230323053230_20230323044004 (DockerId:wangsihan123/lattice1:0.1.5)
2023-03-25 02:33:44 - INFO  - Detect new submition: s_20230323053245_20230323044004 (DockerId:wangsihan123/lattice1:0.1.5)
2023-03-25 02:33:49 - INFO  - Detect new submition: s_20230323053245_20230323044004 (DockerId:wangsihan123/lattice1:0.1.5)
2023-03-25 02:38:20 - INFO  - Detect new submition: s_20230323053245_20230323044004 (DockerId:wangsihan123/lattice1:0.1.5)
2023-03-25 02:38:25 - INFO  - Detect new submition: s_20230323053245_20230323044004 (DockerId:wangsihan123/lattice1:0.1.5)
2023-03-25 02:40:11 - INFO  - Detect new submition: s_20230323053245_20230323044004 (DockerId:wangsihan123/lattice1:0.1.5)
2023-03-25 02:40:16 - INFO  - Detect new submition: s_20230323053245_20230323044004 (DockerId:wangsihan123/lattice1:0.1.5)
2023-03-25 02:41:14 - INFO  - Detect new submition: s_20230323053245_20230323044004 (DockerId:wangsihan123/lattice1:0.1.5)
2023-03-25 02:48:16 - INFO  - Detect new submition: s_20230321111758_20230307123639 (DockerId:123456789)
2023-03-25 02:48:21 - INFO  - Detect new submition: s_20230321112324_20230307123639 (DockerId:1234567890)
2023-03-25 02:48:21 - INFO  - Detect new submition: s_20230321112647_20230307123639 (DockerId:wangsihan123/idm:0.0.2)
2023-03-25 02:48:26 - INFO  - Detect new submition: s_20230321112839_20230307123639 (DockerId:wangsihan123/idm:0.0.2)
2023-03-25 02:48:26 - INFO  - Detect new submition: s_20230321113222_20230307123639 (DockerId:wangsihan123/idm:0.0.2)
2023-03-25 02:48:26 - INFO  - Detect new submition: s_20230321113902_20230307123639 (DockerId:wangsihan123/idm:0.0.2)
2023-03-25 02:48:31 - INFO  - Detect new submition: s_20230321113950_20230307123639 (DockerId:wangsihan123/lattice2:0.0.1)
2023-03-25 02:48:31 - INFO  - Detect new submition: s_20230321114003_20230307123639 (DockerId:wangsihan123/lattice1:0.1.5)
2023-03-25 02:48:36 - INFO  - Detect new submition: s_20230322122024_20230307123639 (DockerId:1234567)
2023-03-25 02:48:36 - INFO  - Detect new submition: s_20230323053101_20230323043922 (DockerId:wangsihan123/idm:0.0.2)
2023-03-25 02:48:36 - INFO  - Detect new submition: s_20230323053111_20230323043922 (DockerId:wangsihan123/idm:0.0.2)
2023-03-25 02:48:41 - INFO  - Detect new submition: s_20230323053119_20230323043922 (DockerId:wangsihan123/idm:0.0.2)
2023-03-25 02:52:01 - INFO  - Detect new submition: s_20230323053128_20230323043922 (DockerId:wangsihan123/idm:0.0.2)
2023-03-25 02:52:11 - INFO  - Detect new submition: s_20230323053221_20230323044004 (DockerId:wangsihan123/lattice1:0.1.5)
2023-03-25 02:52:21 - INFO  - Detect new submition: s_20230323053230_20230323044004 (DockerId:wangsihan123/lattice1:0.1.5)
2023-03-25 02:52:26 - INFO  - Detect new submition: s_20230323053238_20230323044004 (DockerId:wangsihan123/lattice1:0.1.5)
2023-03-25 02:53:02 - INFO  - Detect new submition: s_20230323053245_20230323044004 (DockerId:wangsihan123/lattice1:0.1.5)
2023-03-25 03:12:36 - INFO  - Detect new submition: s_20230320051500_20230316121333 (DockerId:wangsihan123/lattice1:0.1.2)
2023-03-26 20:14:47 - INFO  - Detect new submition: s_20230326081447_20230326024420 (DockerId:e29b3085e08023ac9227186fc7e4de3f9a268c23d508329ecc55d70e55ab4b7d)
2023-03-26 20:15:57 - INFO  - Detect new submition: s_20230326081556_20230326024420 (DockerId:codenoobfromusst/test-1)
2023-03-26 20:18:43 - INFO  - Detect new submition: s_20230326081842_20230326024420 (DockerId:162038d5f3cb)
2023-03-26 20:20:03 - INFO  - Detect new submition: s_20230326082000_20230326024420 (DockerId:codenoobfromusst/test-1)
2023-03-26 20:32:10 - INFO  - Detect new submition: s_20230326083206_20230326024420 (DockerId:codenoobfromusst/test-1)
2023-03-26 20:33:06 - INFO  - Detect new submition: s_20230326083302_20230326024420 (DockerId:bfe04ae10c35ae24627ca0e499a93baec624ce2dc659be9106d1ac86df3eb67b)
2023-03-26 20:36:01 - INFO  - Detect new submition: s_20230326083558_20230326024420 (DockerId:f831d9f559e16f6a66d804b195ec9324fe73216e2373df91798c3a33c6f91deb)
2023-03-26 20:37:42 - INFO  - Detect new submition: s_20230326083740_20230326024420 (DockerId:codenoobfromusst/test-1:0.0.1)
2023-03-27 19:28:26 - INFO  - Detect new submition: s_20230327072823_20230322113149 (DockerId:cb4649839c1c)
2023-03-27 19:29:11 - INFO  - Detect new submition: s_20230327072906_20230322113149 (DockerId:siyuanjessica)
2023-03-27 19:29:46 - INFO  - Detect new submition: s_20230327072942_20230322113149 (DockerId:siyuanjessica/test-1:0.0.1)
2023-03-31 20:01:29 - ERROR - Competition(id:2023032801) is not in test list!
2023-03-31 20:01:34 - ERROR - Competition(id:2023032801) is not in test list!
2023-03-31 20:01:39 - ERROR - Competition(id:2023032801) is not in test list!
2023-03-31 20:01:44 - ERROR - Competition(id:2023032801) is not in test list!
2023-03-31 20:01:49 - ERROR - Competition(id:2023032801) is not in test list!
2023-03-31 20:01:54 - ERROR - Competition(id:2023032801) is not in test list!
2023-03-31 20:01:59 - ERROR - Competition(id:2023032801) is not in test list!
2023-03-31 20:02:04 - ERROR - Competition(id:2023032801) is not in test list!
2023-03-31 20:02:09 - ERROR - Competition(id:2023032801) is not in test list!
2023-03-31 20:02:14 - ERROR - Competition(id:2023032801) is not in test list!
2023-03-31 20:02:19 - ERROR - Competition(id:2023032801) is not in test list!
2023-03-31 20:02:24 - ERROR - Competition(id:2023032801) is not in test list!
2023-03-31 20:02:29 - ERROR - Competition(id:2023032801) is not in test list!
2023-03-31 20:02:34 - ERROR - Competition(id:2023032801) is not in test list!
2023-03-31 20:02:39 - ERROR - Competition(id:2023032801) is not in test list!
2023-03-31 20:02:44 - ERROR - Competition(id:2023032801) is not in test list!
2023-03-31 20:02:49 - ERROR - Competition(id:2023032801) is not in test list!
2023-03-31 20:02:54 - ERROR - Competition(id:2023032801) is not in test list!
2023-03-31 20:02:59 - ERROR - Competition(id:2023032801) is not in test list!
2023-03-31 20:03:04 - ERROR - Competition(id:2023032801) is not in test list!
2023-03-31 20:03:09 - ERROR - Competition(id:2023032801) is not in test list!
2023-03-31 20:03:14 - ERROR - Competition(id:2023032801) is not in test list!
2023-03-31 20:03:20 - ERROR - Competition(id:2023032801) is not in test list!
2023-03-31 20:03:25 - ERROR - Competition(id:2023032801) is not in test list!
2023-03-31 20:03:30 - ERROR - Competition(id:2023032801) is not in test list!
2023-03-31 20:03:35 - ERROR - Competition(id:2023032801) is not in test list!
2023-03-31 20:03:40 - ERROR - Competition(id:2023032801) is not in test list!
2023-03-31 20:03:45 - ERROR - Competition(id:2023032801) is not in test list!
2023-03-31 20:03:50 - ERROR - Competition(id:2023032801) is not in test list!
2023-03-31 20:03:55 - ERROR - Competition(id:2023032801) is not in test list!
2023-03-31 20:04:00 - ERROR - Competition(id:2023032801) is not in test list!
2023-03-31 20:04:05 - ERROR - Competition(id:2023032801) is not in test list!
2023-03-31 20:04:10 - ERROR - Competition(id:2023032801) is not in test list!
2023-03-31 20:04:15 - ERROR - Competition(id:2023032801) is not in test list!
2023-03-31 20:04:20 - ERROR - Competition(id:2023032801) is not in test list!
2023-03-31 20:04:25 - ERROR - Competition(id:2023032801) is not in test list!
2023-03-31 20:04:30 - ERROR - Competition(id:2023032801) is not in test list!
2023-03-31 20:04:35 - ERROR - Competition(id:2023032801) is not in test list!
2023-03-31 20:04:40 - ERROR - Competition(id:2023032801) is not in test list!
2023-03-31 20:04:45 - ERROR - Competition(id:2023032801) is not in test list!
2023-03-31 20:04:50 - ERROR - Competition(id:2023032801) is not in test list!
2023-03-31 20:04:55 - ERROR - Competition(id:2023032801) is not in test list!
2023-03-31 20:05:00 - ERROR - Competition(id:2023032801) is not in test list!
2023-03-31 20:05:05 - ERROR - Competition(id:2023032801) is not in test list!
2023-03-31 20:05:10 - ERROR - Competition(id:2023032801) is not in test list!
2023-03-31 20:05:15 - ERROR - Competition(id:2023032801) is not in test list!
2023-03-31 20:05:20 - ERROR - Competition(id:2023032801) is not in test list!
2023-03-31 20:05:25 - ERROR - Competition(id:2023032801) is not in test list!
2023-03-31 20:05:30 - ERROR - Competition(id:2023032801) is not in test list!
2023-03-31 20:05:35 - ERROR - Competition(id:2023032801) is not in test list!
2023-03-31 20:05:40 - ERROR - Competition(id:2023032801) is not in test list!
2023-03-31 20:05:45 - ERROR - Competition(id:2023032801) is not in test list!
2023-03-31 20:05:50 - ERROR - Competition(id:2023032801) is not in test list!
2023-03-31 20:05:55 - ERROR - Competition(id:2023032801) is not in test list!
2023-03-31 20:06:00 - ERROR - Competition(id:2023032801) is not in test list!
2023-03-31 20:06:05 - ERROR - Competition(id:2023032801) is not in test list!
2023-03-31 20:06:10 - ERROR - Competition(id:2023032801) is not in test list!
2023-03-31 20:06:15 - ERROR - Competition(id:2023032801) is not in test list!
2023-03-31 20:06:20 - ERROR - Competition(id:2023032801) is not in test list!
2023-03-31 20:06:25 - ERROR - Competition(id:2023032801) is not in test list!
2023-03-31 20:06:30 - ERROR - Competition(id:2023032801) is not in test list!
2023-03-31 20:06:35 - ERROR - Competition(id:2023032801) is not in test list!
2023-03-31 20:06:40 - ERROR - Competition(id:2023032801) is not in test list!
2023-03-31 20:06:45 - ERROR - Competition(id:2023032801) is not in test list!
2023-03-31 20:06:50 - ERROR - Competition(id:2023032801) is not in test list!
2023-03-31 20:06:55 - ERROR - Competition(id:2023032801) is not in test list!
2023-03-31 20:07:00 - ERROR - Competition(id:2023032801) is not in test list!
2023-03-31 20:07:05 - ERROR - Competition(id:2023032801) is not in test list!
2023-03-31 20:07:10 - ERROR - Competition(id:2023032801) is not in test list!
2023-03-31 20:07:16 - ERROR - Competition(id:2023032801) is not in test list!
2023-03-31 20:07:21 - ERROR - Competition(id:2023032801) is not in test list!
2023-03-31 20:07:26 - ERROR - Competition(id:2023032801) is not in test list!
2023-03-31 20:07:31 - ERROR - Competition(id:2023032801) is not in test list!
2023-03-31 20:07:36 - ERROR - Competition(id:2023032801) is not in test list!
2023-03-31 20:07:41 - ERROR - Competition(id:2023032801) is not in test list!
2023-03-31 20:07:46 - ERROR - Competition(id:2023032801) is not in test list!
2023-03-31 20:07:51 - ERROR - Competition(id:2023032801) is not in test list!
2023-03-31 20:07:56 - ERROR - Competition(id:2023032801) is not in test list!
2023-03-31 20:08:01 - ERROR - Competition(id:2023032801) is not in test list!
2023-03-31 20:08:06 - ERROR - Competition(id:2023032801) is not in test list!
2023-03-31 20:08:11 - ERROR - Competition(id:2023032801) is not in test list!
2023-03-31 20:08:16 - ERROR - Competition(id:2023032801) is not in test list!
2023-03-31 20:08:21 - ERROR - Competition(id:2023032801) is not in test list!
2023-03-31 20:08:26 - ERROR - Competition(id:2023032801) is not in test list!
2023-03-31 20:08:31 - ERROR - Competition(id:2023032801) is not in test list!
2023-03-31 20:08:36 - ERROR - Competition(id:2023032801) is not in test list!
2023-03-31 20:08:41 - ERROR - Competition(id:2023032801) is not in test list!
2023-03-31 20:08:46 - ERROR - Competition(id:2023032801) is not in test list!
2023-03-31 20:08:51 - ERROR - Competition(id:2023032801) is not in test list!
2023-03-31 20:08:56 - ERROR - Competition(id:2023032801) is not in test list!
2023-03-31 20:09:01 - ERROR - Competition(id:2023032801) is not in test list!
2023-03-31 20:09:06 - ERROR - Competition(id:2023032801) is not in test list!
2023-03-31 20:09:11 - ERROR - Competition(id:2023032801) is not in test list!
2023-03-31 20:09:16 - ERROR - Competition(id:2023032801) is not in test list!
2023-03-31 20:09:21 - ERROR - Competition(id:2023032801) is not in test list!
2023-03-31 20:09:26 - ERROR - Competition(id:2023032801) is not in test list!
2023-03-31 20:09:31 - ERROR - Competition(id:2023032801) is not in test list!
2023-03-31 20:09:36 - ERROR - Competition(id:2023032801) is not in test list!
2023-03-31 20:09:41 - ERROR - Competition(id:2023032801) is not in test list!
2023-03-31 20:09:46 - ERROR - Competition(id:2023032801) is not in test list!
2023-03-31 20:09:51 - ERROR - Competition(id:2023032801) is not in test list!
2023-03-31 20:09:56 - ERROR - Competition(id:2023032801) is not in test list!
2023-03-31 20:10:01 - ERROR - Competition(id:2023032801) is not in test list!
2023-03-31 20:10:06 - ERROR - Competition(id:2023032801) is not in test list!
2023-03-31 20:10:11 - ERROR - Competition(id:2023032801) is not in test list!
2023-03-31 20:10:16 - ERROR - Competition(id:2023032801) is not in test list!
2023-03-31 20:10:21 - ERROR - Competition(id:2023032801) is not in test list!
2023-03-31 20:10:26 - ERROR - Competition(id:2023032801) is not in test list!
2023-03-31 20:10:31 - ERROR - Competition(id:2023032801) is not in test list!
2023-03-31 20:10:36 - ERROR - Competition(id:2023032801) is not in test list!
2023-03-31 20:10:41 - ERROR - Competition(id:2023032801) is not in test list!
2023-03-31 20:10:46 - ERROR - Competition(id:2023032801) is not in test list!
2023-03-31 20:10:51 - ERROR - Competition(id:2023032801) is not in test list!
2023-03-31 20:10:56 - ERROR - Competition(id:2023032801) is not in test list!
2023-03-31 20:11:01 - ERROR - Competition(id:2023032801) is not in test list!
2023-03-31 20:11:06 - ERROR - Competition(id:2023032801) is not in test list!
2023-03-31 20:11:11 - ERROR - Competition(id:2023032801) is not in test list!
2023-03-31 20:11:17 - ERROR - Competition(id:2023032801) is not in test list!
2023-03-31 20:11:22 - ERROR - Competition(id:2023032801) is not in test list!
2023-03-31 20:11:27 - ERROR - Competition(id:2023032801) is not in test list!
2023-03-31 20:11:32 - ERROR - Competition(id:2023032801) is not in test list!
2023-03-31 20:11:37 - ERROR - Competition(id:2023032801) is not in test list!
2023-03-31 20:11:42 - ERROR - Competition(id:2023032801) is not in test list!
2023-03-31 20:11:47 - ERROR - Competition(id:2023032801) is not in test list!
2023-03-31 20:11:52 - ERROR - Competition(id:2023032801) is not in test list!
2023-03-31 20:11:57 - ERROR - Competition(id:2023032801) is not in test list!
2023-03-31 20:12:02 - ERROR - Competition(id:2023032801) is not in test list!
2023-03-31 20:12:07 - ERROR - Competition(id:2023032801) is not in test list!
2023-03-31 20:12:12 - ERROR - Competition(id:2023032801) is not in test list!
2023-03-31 20:12:17 - ERROR - Competition(id:2023032801) is not in test list!
2023-03-31 20:12:22 - ERROR - Competition(id:2023032801) is not in test list!
2023-03-31 20:12:27 - ERROR - Competition(id:2023032801) is not in test list!
2023-03-31 20:12:32 - ERROR - Competition(id:2023032801) is not in test list!
2023-03-31 20:12:37 - ERROR - Competition(id:2023032801) is not in test list!
2023-03-31 20:12:42 - ERROR - Competition(id:2023032801) is not in test list!
2023-03-31 20:12:47 - ERROR - Competition(id:2023032801) is not in test list!
2023-03-31 20:12:52 - ERROR - Competition(id:2023032801) is not in test list!
2023-03-31 20:12:57 - ERROR - Competition(id:2023032801) is not in test list!
2023-03-31 20:13:02 - ERROR - Competition(id:2023032801) is not in test list!
2023-03-31 20:13:07 - ERROR - Competition(id:2023032801) is not in test list!
2023-03-31 20:13:12 - ERROR - Competition(id:2023032801) is not in test list!
2023-03-31 20:13:17 - ERROR - Competition(id:2023032801) is not in test list!
2023-03-31 20:13:22 - ERROR - Competition(id:2023032801) is not in test list!
2023-03-31 20:13:27 - ERROR - Competition(id:2023032801) is not in test list!
2023-03-31 20:13:32 - ERROR - Competition(id:2023032801) is not in test list!
2023-03-31 20:13:37 - ERROR - Competition(id:2023032801) is not in test list!
2023-03-31 20:13:42 - ERROR - Competition(id:2023032801) is not in test list!
2023-03-31 20:13:47 - ERROR - Competition(id:2023032801) is not in test list!
2023-03-31 20:13:52 - ERROR - Competition(id:2023032801) is not in test list!
2023-03-31 20:13:57 - ERROR - Competition(id:2023032801) is not in test list!
2023-03-31 20:14:02 - ERROR - Competition(id:2023032801) is not in test list!
2023-03-31 20:14:07 - ERROR - Competition(id:2023032801) is not in test list!
2023-03-31 20:14:12 - ERROR - Competition(id:2023032801) is not in test list!
2023-03-31 20:14:17 - ERROR - Competition(id:2023032801) is not in test list!
2023-03-31 20:14:22 - ERROR - Competition(id:2023032801) is not in test list!
2023-03-31 20:14:27 - ERROR - Competition(id:2023032801) is not in test list!
2023-03-31 20:14:32 - ERROR - Competition(id:2023032801) is not in test list!
2023-03-31 20:14:37 - ERROR - Competition(id:2023032801) is not in test list!
2023-03-31 20:14:42 - ERROR - Competition(id:2023032801) is not in test list!
2023-03-31 20:14:47 - ERROR - Competition(id:2023032801) is not in test list!
2023-03-31 20:14:52 - ERROR - Competition(id:2023032801) is not in test list!
2023-03-31 20:14:57 - ERROR - Competition(id:2023032801) is not in test list!
